{"/Users/priyeshsi/sandbox/org-chart/src/App.js": {"path":"/Users/priyeshsi/sandbox/org-chart/src/App.js","statementMap":{"0":{"start":{"line":13,"column":19},"end":{"line":13,"column":32}},"1":{"start":{"line":14,"column":20},"end":{"line":14,"column":48}},"2":{"start":{"line":15,"column":16},"end":{"line":15,"column":75}},"3":{"start":{"line":15,"column":36},"end":{"line":15,"column":61}},"4":{"start":{"line":17,"column":26},"end":{"line":23,"column":16}},"5":{"start":{"line":18,"column":4},"end":{"line":22,"column":5}},"6":{"start":{"line":19,"column":6},"end":{"line":19,"column":47}},"7":{"start":{"line":21,"column":6},"end":{"line":21,"column":56}},"8":{"start":{"line":25,"column":2},"end":{"line":27,"column":24}},"9":{"start":{"line":26,"column":4},"end":{"line":26,"column":22}},"10":{"start":{"line":29,"column":2},"end":{"line":36,"column":4}}},"fnMap":{"0":{"name":"App","decl":{"start":{"line":12,"column":9},"end":{"line":12,"column":12}},"loc":{"start":{"line":12,"column":15},"end":{"line":37,"column":1}},"line":12},"1":{"name":"(anonymous_1)","decl":{"start":{"line":15,"column":30},"end":{"line":15,"column":31}},"loc":{"start":{"line":15,"column":36},"end":{"line":15,"column":61}},"line":15},"2":{"name":"(anonymous_2)","decl":{"start":{"line":17,"column":38},"end":{"line":17,"column":39}},"loc":{"start":{"line":17,"column":50},"end":{"line":23,"column":3}},"line":17},"3":{"name":"(anonymous_3)","decl":{"start":{"line":25,"column":12},"end":{"line":25,"column":13}},"loc":{"start":{"line":25,"column":18},"end":{"line":27,"column":3}},"line":25}},"branchMap":{},"s":{"0":0,"1":0,"2":0,"3":0,"4":0,"5":0,"6":0,"7":0,"8":0,"9":0,"10":0},"f":{"0":0,"1":0,"2":0,"3":0},"b":{}}
,"/Users/priyeshsi/sandbox/org-chart/src/theme.js": {"path":"/Users/priyeshsi/sandbox/org-chart/src/theme.js","statementMap":{"0":{"start":{"line":3,"column":24},"end":{"line":105,"column":2}},"1":{"start":{"line":3,"column":35},"end":{"line":105,"column":1}},"2":{"start":{"line":107,"column":30},"end":{"line":107,"column":74}},"3":{"start":{"line":107,"column":40},"end":{"line":107,"column":74}}},"fnMap":{"0":{"name":"(anonymous_0)","decl":{"start":{"line":3,"column":24},"end":{"line":3,"column":25}},"loc":{"start":{"line":3,"column":35},"end":{"line":105,"column":1}},"line":3},"1":{"name":"(anonymous_1)","decl":{"start":{"line":107,"column":30},"end":{"line":107,"column":31}},"loc":{"start":{"line":107,"column":40},"end":{"line":107,"column":74}},"line":107}},"branchMap":{"0":{"loc":{"start":{"line":6,"column":8},"end":{"line":36,"column":9}},"type":"cond-expr","locations":[{"start":{"line":7,"column":8},"end":{"line":21,"column":9}},{"start":{"line":22,"column":8},"end":{"line":36,"column":9}}],"line":6},"1":{"loc":{"start":{"line":42,"column":26},"end":{"line":42,"column":81}},"type":"cond-expr","locations":[{"start":{"line":42,"column":44},"end":{"line":42,"column":61}},{"start":{"line":42,"column":64},"end":{"line":42,"column":81}}],"line":42},"2":{"loc":{"start":{"line":49,"column":29},"end":{"line":49,"column":85}},"type":"cond-expr","locations":[{"start":{"line":49,"column":47},"end":{"line":49,"column":73}},{"start":{"line":49,"column":76},"end":{"line":49,"column":85}}],"line":49},"3":{"loc":{"start":{"line":54,"column":29},"end":{"line":54,"column":68}},"type":"cond-expr","locations":[{"start":{"line":54,"column":47},"end":{"line":54,"column":56}},{"start":{"line":54,"column":59},"end":{"line":54,"column":68}}],"line":54},"4":{"loc":{"start":{"line":62,"column":14},"end":{"line":78,"column":11}},"type":"binary-expr","locations":[{"start":{"line":62,"column":14},"end":{"line":62,"column":29}},{"start":{"line":62,"column":33},"end":{"line":78,"column":11}}],"line":62},"5":{"loc":{"start":{"line":85,"column":14},"end":{"line":90,"column":11}},"type":"binary-expr","locations":[{"start":{"line":85,"column":14},"end":{"line":85,"column":29}},{"start":{"line":85,"column":33},"end":{"line":90,"column":11}}],"line":85},"6":{"loc":{"start":{"line":98,"column":14},"end":{"line":100,"column":11}},"type":"binary-expr","locations":[{"start":{"line":98,"column":14},"end":{"line":98,"column":29}},{"start":{"line":98,"column":33},"end":{"line":100,"column":11}}],"line":98}},"s":{"0":0,"1":0,"2":0,"3":0},"f":{"0":0,"1":0},"b":{"0":[0,0],"1":[0,0],"2":[0,0],"3":[0,0],"4":[0,0],"5":[0,0],"6":[0,0]}}
,"/Users/priyeshsi/sandbox/org-chart/src/__tests__/components/EmployeeCard.test.jsx": {"path":"/Users/priyeshsi/sandbox/org-chart/src/__tests__/components/EmployeeCard.test.jsx","statementMap":{"0":{"start":{"line":9,"column":18},"end":{"line":9,"column":36}},"1":{"start":{"line":11,"column":0},"end":{"line":127,"column":3}},"2":{"start":{"line":12,"column":16},"end":{"line":12,"column":29}},"3":{"start":{"line":15,"column":19},"end":{"line":21,"column":3}},"4":{"start":{"line":23,"column":2},"end":{"line":30,"column":5}},"5":{"start":{"line":24,"column":4},"end":{"line":28,"column":7}},"6":{"start":{"line":29,"column":4},"end":{"line":29,"column":31}},"7":{"start":{"line":32,"column":29},"end":{"line":47,"column":3}},"8":{"start":{"line":33,"column":4},"end":{"line":46,"column":6}},"9":{"start":{"line":49,"column":2},"end":{"line":56,"column":5}},"10":{"start":{"line":50,"column":4},"end":{"line":50,"column":25}},"11":{"start":{"line":52,"column":4},"end":{"line":52,"column":64}},"12":{"start":{"line":53,"column":4},"end":{"line":53,"column":71}},"13":{"start":{"line":54,"column":4},"end":{"line":54,"column":65}},"14":{"start":{"line":55,"column":4},"end":{"line":55,"column":65}},"15":{"start":{"line":58,"column":2},"end":{"line":64,"column":5}},"16":{"start":{"line":59,"column":21},"end":{"line":59,"column":30}},"17":{"start":{"line":60,"column":4},"end":{"line":60,"column":37}},"18":{"start":{"line":62,"column":4},"end":{"line":62,"column":53}},"19":{"start":{"line":63,"column":4},"end":{"line":63,"column":40}},"20":{"start":{"line":66,"column":2},"end":{"line":82,"column":5}},"21":{"start":{"line":67,"column":4},"end":{"line":67,"column":25}},"22":{"start":{"line":70,"column":23},"end":{"line":70,"column":56}},"23":{"start":{"line":71,"column":4},"end":{"line":71,"column":32}},"24":{"start":{"line":74,"column":22},"end":{"line":74,"column":53}},"25":{"start":{"line":75,"column":4},"end":{"line":75,"column":38}},"26":{"start":{"line":77,"column":22},"end":{"line":77,"column":85}},"27":{"start":{"line":77,"column":44},"end":{"line":77,"column":84}},"28":{"start":{"line":78,"column":4},"end":{"line":78,"column":48}},"29":{"start":{"line":79,"column":4},"end":{"line":79,"column":48}},"30":{"start":{"line":80,"column":4},"end":{"line":80,"column":57}},"31":{"start":{"line":81,"column":4},"end":{"line":81,"column":51}},"32":{"start":{"line":84,"column":2},"end":{"line":91,"column":5}},"33":{"start":{"line":85,"column":4},"end":{"line":85,"column":45}},"34":{"start":{"line":87,"column":17},"end":{"line":87,"column":52}},"35":{"start":{"line":88,"column":4},"end":{"line":90,"column":7}},"36":{"start":{"line":93,"column":2},"end":{"line":104,"column":5}},"37":{"start":{"line":94,"column":4},"end":{"line":94,"column":25}},"38":{"start":{"line":96,"column":27},"end":{"line":96,"column":64}},"39":{"start":{"line":97,"column":4},"end":{"line":97,"column":36}},"40":{"start":{"line":99,"column":4},"end":{"line":103,"column":6}},"41":{"start":{"line":107,"column":2},"end":{"line":126,"column":5}},"42":{"start":{"line":108,"column":4},"end":{"line":115,"column":7}},"43":{"start":{"line":117,"column":4},"end":{"line":117,"column":25}},"44":{"start":{"line":119,"column":23},"end":{"line":119,"column":56}},"45":{"start":{"line":120,"column":4},"end":{"line":120,"column":32}},"46":{"start":{"line":122,"column":23},"end":{"line":122,"column":55}},"47":{"start":{"line":123,"column":4},"end":{"line":123,"column":32}},"48":{"start":{"line":125,"column":4},"end":{"line":125,"column":78}}},"fnMap":{"0":{"name":"(anonymous_0)","decl":{"start":{"line":11,"column":25},"end":{"line":11,"column":26}},"loc":{"start":{"line":11,"column":31},"end":{"line":127,"column":1}},"line":11},"1":{"name":"(anonymous_1)","decl":{"start":{"line":23,"column":13},"end":{"line":23,"column":14}},"loc":{"start":{"line":23,"column":19},"end":{"line":30,"column":3}},"line":23},"2":{"name":"(anonymous_2)","decl":{"start":{"line":32,"column":29},"end":{"line":32,"column":30}},"loc":{"start":{"line":32,"column":45},"end":{"line":47,"column":3}},"line":32},"3":{"name":"(anonymous_3)","decl":{"start":{"line":41,"column":22},"end":{"line":41,"column":23}},"loc":{"start":{"line":41,"column":28},"end":{"line":41,"column":30}},"line":41},"4":{"name":"(anonymous_4)","decl":{"start":{"line":49,"column":47},"end":{"line":49,"column":48}},"loc":{"start":{"line":49,"column":53},"end":{"line":56,"column":3}},"line":49},"5":{"name":"(anonymous_5)","decl":{"start":{"line":58,"column":39},"end":{"line":58,"column":40}},"loc":{"start":{"line":58,"column":45},"end":{"line":64,"column":3}},"line":58},"6":{"name":"(anonymous_6)","decl":{"start":{"line":66,"column":48},"end":{"line":66,"column":49}},"loc":{"start":{"line":66,"column":54},"end":{"line":82,"column":3}},"line":66},"7":{"name":"(anonymous_7)","decl":{"start":{"line":77,"column":36},"end":{"line":77,"column":37}},"loc":{"start":{"line":77,"column":44},"end":{"line":77,"column":84}},"line":77},"8":{"name":"(anonymous_8)","decl":{"start":{"line":84,"column":45},"end":{"line":84,"column":46}},"loc":{"start":{"line":84,"column":51},"end":{"line":91,"column":3}},"line":84},"9":{"name":"(anonymous_9)","decl":{"start":{"line":93,"column":32},"end":{"line":93,"column":33}},"loc":{"start":{"line":93,"column":38},"end":{"line":104,"column":3}},"line":93},"10":{"name":"(anonymous_10)","decl":{"start":{"line":107,"column":47},"end":{"line":107,"column":48}},"loc":{"start":{"line":107,"column":59},"end":{"line":126,"column":3}},"line":107}},"branchMap":{"0":{"loc":{"start":{"line":32,"column":30},"end":{"line":32,"column":40}},"type":"default-arg","locations":[{"start":{"line":32,"column":38},"end":{"line":32,"column":40}}],"line":32}},"s":{"0":0,"1":0,"2":0,"3":0,"4":0,"5":0,"6":0,"7":0,"8":0,"9":0,"10":0,"11":0,"12":0,"13":0,"14":0,"15":0,"16":0,"17":0,"18":0,"19":0,"20":0,"21":0,"22":0,"23":0,"24":0,"25":0,"26":0,"27":0,"28":0,"29":0,"30":0,"31":0,"32":0,"33":0,"34":0,"35":0,"36":0,"37":0,"38":0,"39":0,"40":0,"41":0,"42":0,"43":0,"44":0,"45":0,"46":0,"47":0,"48":0},"f":{"0":0,"1":0,"2":0,"3":0,"4":0,"5":0,"6":0,"7":0,"8":0,"9":0,"10":0},"b":{"0":[0]}}
,"/Users/priyeshsi/sandbox/org-chart/src/components/Layout.js": {"path":"/Users/priyeshsi/sandbox/org-chart/src/components/Layout.js","statementMap":{"0":{"start":{"line":18,"column":15},"end":{"line":152,"column":1}},"1":{"start":{"line":19,"column":16},"end":{"line":19,"column":26}},"2":{"start":{"line":20,"column":19},"end":{"line":20,"column":32}},"3":{"start":{"line":23,"column":26},"end":{"line":30,"column":4}},"4":{"start":{"line":24,"column":4},"end":{"line":29,"column":5}},"5":{"start":{"line":25,"column":6},"end":{"line":25,"column":61}},"6":{"start":{"line":27,"column":6},"end":{"line":27,"column":62}},"7":{"start":{"line":28,"column":6},"end":{"line":28,"column":21}},"8":{"start":{"line":33,"column":2},"end":{"line":39,"column":13}},"9":{"start":{"line":34,"column":4},"end":{"line":38,"column":5}},"10":{"start":{"line":35,"column":6},"end":{"line":35,"column":49}},"11":{"start":{"line":37,"column":6},"end":{"line":37,"column":62}},"12":{"start":{"line":41,"column":27},"end":{"line":45,"column":3}},"13":{"start":{"line":42,"column":4},"end":{"line":44,"column":5}},"14":{"start":{"line":43,"column":6},"end":{"line":43,"column":23}},"15":{"start":{"line":47,"column":2},"end":{"line":151,"column":4}}},"fnMap":{"0":{"name":"(anonymous_0)","decl":{"start":{"line":18,"column":15},"end":{"line":18,"column":16}},"loc":{"start":{"line":18,"column":21},"end":{"line":152,"column":1}},"line":18},"1":{"name":"(anonymous_1)","decl":{"start":{"line":23,"column":35},"end":{"line":23,"column":36}},"loc":{"start":{"line":23,"column":41},"end":{"line":30,"column":3}},"line":23},"2":{"name":"(anonymous_2)","decl":{"start":{"line":33,"column":12},"end":{"line":33,"column":13}},"loc":{"start":{"line":33,"column":18},"end":{"line":39,"column":3}},"line":33},"3":{"name":"(anonymous_3)","decl":{"start":{"line":41,"column":27},"end":{"line":41,"column":28}},"loc":{"start":{"line":41,"column":47},"end":{"line":45,"column":3}},"line":41}},"branchMap":{"0":{"loc":{"start":{"line":25,"column":13},"end":{"line":25,"column":60}},"type":"binary-expr","locations":[{"start":{"line":25,"column":13},"end":{"line":25,"column":49}},{"start":{"line":25,"column":53},"end":{"line":25,"column":60}}],"line":25},"1":{"loc":{"start":{"line":42,"column":4},"end":{"line":44,"column":5}},"type":"if","locations":[{"start":{"line":42,"column":4},"end":{"line":44,"column":5}},{"start":{},"end":{}}],"line":42},"2":{"loc":{"start":{"line":93,"column":27},"end":{"line":95,"column":48}},"type":"cond-expr","locations":[{"start":{"line":94,"column":22},"end":{"line":94,"column":49}},{"start":{"line":95,"column":22},"end":{"line":95,"column":48}}],"line":93},"3":{"loc":{"start":{"line":98,"column":29},"end":{"line":100,"column":50}},"type":"cond-expr","locations":[{"start":{"line":99,"column":24},"end":{"line":99,"column":51}},{"start":{"line":100,"column":24},"end":{"line":100,"column":50}}],"line":98},"4":{"loc":{"start":{"line":104,"column":27},"end":{"line":106,"column":43}},"type":"cond-expr","locations":[{"start":{"line":105,"column":22},"end":{"line":105,"column":49}},{"start":{"line":106,"column":22},"end":{"line":106,"column":43}}],"line":104}},"s":{"0":0,"1":0,"2":0,"3":0,"4":0,"5":0,"6":0,"7":0,"8":0,"9":0,"10":0,"11":0,"12":0,"13":0,"14":0,"15":0},"f":{"0":0,"1":0,"2":0,"3":0},"b":{"0":[0,0],"1":[0,0],"2":[0,0],"3":[0,0],"4":[0,0]}}
,"/Users/priyeshsi/sandbox/org-chart/src/components/OrgChart.js": {"path":"/Users/priyeshsi/sandbox/org-chart/src/components/OrgChart.js","statementMap":{"0":{"start":{"line":19,"column":17},"end":{"line":211,"column":1}},"1":{"start":{"line":20,"column":25},"end":{"line":20,"column":36}},"2":{"start":{"line":21,"column":19},"end":{"line":21,"column":32}},"3":{"start":{"line":22,"column":19},"end":{"line":22,"column":32}},"4":{"start":{"line":23,"column":19},"end":{"line":23,"column":32}},"5":{"start":{"line":25,"column":54},"end":{"line":25,"column":69}},"6":{"start":{"line":26,"column":46},"end":{"line":26,"column":58}},"7":{"start":{"line":27,"column":42},"end":{"line":27,"column":54}},"8":{"start":{"line":30,"column":26},"end":{"line":32,"column":3}},"9":{"start":{"line":31,"column":4},"end":{"line":31,"column":61}},"10":{"start":{"line":34,"column":24},"end":{"line":36,"column":3}},"11":{"start":{"line":35,"column":4},"end":{"line":35,"column":96}},"12":{"start":{"line":39,"column":2},"end":{"line":51,"column":39}},"13":{"start":{"line":40,"column":4},"end":{"line":50,"column":5}},"14":{"start":{"line":41,"column":6},"end":{"line":47,"column":11}},"15":{"start":{"line":44,"column":10},"end":{"line":44,"column":58}},"16":{"start":{"line":45,"column":10},"end":{"line":45,"column":58}},"17":{"start":{"line":46,"column":10},"end":{"line":46,"column":33}},"18":{"start":{"line":49,"column":6},"end":{"line":49,"column":40}},"19":{"start":{"line":54,"column":31},"end":{"line":56,"column":3}},"20":{"start":{"line":55,"column":4},"end":{"line":55,"column":42}},"21":{"start":{"line":59,"column":26},"end":{"line":61,"column":3}},"22":{"start":{"line":60,"column":4},"end":{"line":60,"column":27}},"23":{"start":{"line":64,"column":25},"end":{"line":84,"column":3}},"24":{"start":{"line":87,"column":29},"end":{"line":101,"column":3}},"25":{"start":{"line":88,"column":4},"end":{"line":88,"column":36}},"26":{"start":{"line":88,"column":26},"end":{"line":88,"column":36}},"27":{"start":{"line":90,"column":18},"end":{"line":90,"column":20}},"28":{"start":{"line":91,"column":18},"end":{"line":91,"column":33}},"29":{"start":{"line":93,"column":4},"end":{"line":98,"column":5}},"30":{"start":{"line":94,"column":6},"end":{"line":94,"column":29}},"31":{"start":{"line":95,"column":6},"end":{"line":97,"column":8}},"32":{"start":{"line":96,"column":8},"end":{"line":96,"column":79}},"33":{"start":{"line":100,"column":4},"end":{"line":100,"column":17}},"34":{"start":{"line":103,"column":2},"end":{"line":210,"column":4}},"35":{"start":{"line":127,"column":27},"end":{"line":127,"column":68}},"36":{"start":{"line":128,"column":12},"end":{"line":142,"column":14}},"37":{"start":{"line":137,"column":31},"end":{"line":137,"column":59}},"38":{"start":{"line":148,"column":25},"end":{"line":148,"column":52}},"39":{"start":{"line":175,"column":23},"end":{"line":175,"column":51}},"40":{"start":{"line":183,"column":23},"end":{"line":183,"column":44}},"41":{"start":{"line":187,"column":25},"end":{"line":187,"column":46}},"42":{"start":{"line":198,"column":23},"end":{"line":198,"column":42}},"43":{"start":{"line":202,"column":25},"end":{"line":202,"column":44}}},"fnMap":{"0":{"name":"(anonymous_0)","decl":{"start":{"line":19,"column":17},"end":{"line":19,"column":18}},"loc":{"start":{"line":19,"column":31},"end":{"line":211,"column":1}},"line":19},"1":{"name":"(anonymous_1)","decl":{"start":{"line":30,"column":38},"end":{"line":30,"column":39}},"loc":{"start":{"line":31,"column":4},"end":{"line":31,"column":61}},"line":31},"2":{"name":"(anonymous_2)","decl":{"start":{"line":34,"column":36},"end":{"line":34,"column":37}},"loc":{"start":{"line":35,"column":4},"end":{"line":35,"column":96}},"line":35},"3":{"name":"(anonymous_3)","decl":{"start":{"line":39,"column":12},"end":{"line":39,"column":13}},"loc":{"start":{"line":39,"column":18},"end":{"line":51,"column":3}},"line":39},"4":{"name":"(anonymous_4)","decl":{"start":{"line":43,"column":15},"end":{"line":43,"column":16}},"loc":{"start":{"line":43,"column":24},"end":{"line":47,"column":9}},"line":43},"5":{"name":"(anonymous_5)","decl":{"start":{"line":54,"column":31},"end":{"line":54,"column":32}},"loc":{"start":{"line":54,"column":39},"end":{"line":56,"column":3}},"line":54},"6":{"name":"(anonymous_6)","decl":{"start":{"line":59,"column":26},"end":{"line":59,"column":27}},"loc":{"start":{"line":59,"column":32},"end":{"line":61,"column":3}},"line":59},"7":{"name":"(anonymous_7)","decl":{"start":{"line":64,"column":25},"end":{"line":64,"column":26}},"loc":{"start":{"line":64,"column":49},"end":{"line":84,"column":3}},"line":64},"8":{"name":"(anonymous_8)","decl":{"start":{"line":87,"column":29},"end":{"line":87,"column":30}},"loc":{"start":{"line":87,"column":35},"end":{"line":101,"column":3}},"line":87},"9":{"name":"(anonymous_9)","decl":{"start":{"line":95,"column":28},"end":{"line":95,"column":29}},"loc":{"start":{"line":96,"column":8},"end":{"line":96,"column":79}},"line":96},"10":{"name":"(anonymous_10)","decl":{"start":{"line":126,"column":36},"end":{"line":126,"column":37}},"loc":{"start":{"line":126,"column":52},"end":{"line":143,"column":11}},"line":126},"11":{"name":"(anonymous_11)","decl":{"start":{"line":137,"column":25},"end":{"line":137,"column":26}},"loc":{"start":{"line":137,"column":31},"end":{"line":137,"column":59}},"line":137},"12":{"name":"(anonymous_12)","decl":{"start":{"line":148,"column":19},"end":{"line":148,"column":20}},"loc":{"start":{"line":148,"column":25},"end":{"line":148,"column":52}},"line":148},"13":{"name":"(anonymous_13)","decl":{"start":{"line":175,"column":17},"end":{"line":175,"column":18}},"loc":{"start":{"line":175,"column":23},"end":{"line":175,"column":51}},"line":175},"14":{"name":"(anonymous_14)","decl":{"start":{"line":183,"column":17},"end":{"line":183,"column":18}},"loc":{"start":{"line":183,"column":23},"end":{"line":183,"column":44}},"line":183},"15":{"name":"(anonymous_15)","decl":{"start":{"line":187,"column":19},"end":{"line":187,"column":20}},"loc":{"start":{"line":187,"column":25},"end":{"line":187,"column":46}},"line":187},"16":{"name":"(anonymous_16)","decl":{"start":{"line":198,"column":17},"end":{"line":198,"column":18}},"loc":{"start":{"line":198,"column":23},"end":{"line":198,"column":42}},"line":198},"17":{"name":"(anonymous_17)","decl":{"start":{"line":202,"column":19},"end":{"line":202,"column":20}},"loc":{"start":{"line":202,"column":25},"end":{"line":202,"column":44}},"line":202}},"branchMap":{"0":{"loc":{"start":{"line":31,"column":4},"end":{"line":31,"column":61}},"type":"cond-expr","locations":[{"start":{"line":31,"column":17},"end":{"line":31,"column":54}},{"start":{"line":31,"column":57},"end":{"line":31,"column":61}}],"line":31},"1":{"loc":{"start":{"line":35,"column":4},"end":{"line":35,"column":96}},"type":"cond-expr","locations":[{"start":{"line":35,"column":17},"end":{"line":35,"column":59}},{"start":{"line":35,"column":62},"end":{"line":35,"column":96}}],"line":35},"2":{"loc":{"start":{"line":40,"column":4},"end":{"line":50,"column":5}},"type":"if","locations":[{"start":{"line":40,"column":4},"end":{"line":50,"column":5}},{"start":{"line":48,"column":11},"end":{"line":50,"column":5}}],"line":40},"3":{"loc":{"start":{"line":88,"column":4},"end":{"line":88,"column":36}},"type":"if","locations":[{"start":{"line":88,"column":4},"end":{"line":88,"column":36}},{"start":{},"end":{}}],"line":88},"4":{"loc":{"start":{"line":96,"column":8},"end":{"line":96,"column":79}},"type":"cond-expr","locations":[{"start":{"line":96,"column":28},"end":{"line":96,"column":72}},{"start":{"line":96,"column":75},"end":{"line":96,"column":79}}],"line":96},"5":{"loc":{"start":{"line":128,"column":19},"end":{"line":142,"column":13}},"type":"cond-expr","locations":[{"start":{"line":129,"column":14},"end":{"line":131,"column":27}},{"start":{"line":133,"column":14},"end":{"line":141,"column":21}}],"line":128},"6":{"loc":{"start":{"line":157,"column":9},"end":{"line":169,"column":9}},"type":"cond-expr","locations":[{"start":{"line":158,"column":10},"end":{"line":163,"column":12}},{"start":{"line":165,"column":10},"end":{"line":168,"column":12}}],"line":157}},"s":{"0":0,"1":0,"2":0,"3":0,"4":0,"5":0,"6":0,"7":0,"8":0,"9":0,"10":0,"11":0,"12":0,"13":0,"14":0,"15":0,"16":0,"17":0,"18":0,"19":0,"20":0,"21":0,"22":0,"23":0,"24":0,"25":0,"26":0,"27":0,"28":0,"29":0,"30":0,"31":0,"32":0,"33":0,"34":0,"35":0,"36":0,"37":0,"38":0,"39":0,"40":0,"41":0,"42":0,"43":0},"f":{"0":0,"1":0,"2":0,"3":0,"4":0,"5":0,"6":0,"7":0,"8":0,"9":0,"10":0,"11":0,"12":0,"13":0,"14":0,"15":0,"16":0,"17":0},"b":{"0":[0,0],"1":[0,0],"2":[0,0],"3":[0,0],"4":[0,0],"5":[0,0],"6":[0,0]}}
,"/Users/priyeshsi/sandbox/org-chart/src/components/shared/BookmarkDialog.js": {"path":"/Users/priyeshsi/sandbox/org-chart/src/components/shared/BookmarkDialog.js","statementMap":{"0":{"start":{"line":29,"column":23},"end":{"line":174,"column":1}},"1":{"start":{"line":30,"column":19},"end":{"line":30,"column":32}},"2":{"start":{"line":31,"column":19},"end":{"line":31,"column":32}},"3":{"start":{"line":32,"column":30},"end":{"line":32,"column":68}},"4":{"start":{"line":33,"column":23},"end":{"line":33,"column":54}},"5":{"start":{"line":36,"column":2},"end":{"line":40,"column":23}},"6":{"start":{"line":37,"column":4},"end":{"line":39,"column":5}},"7":{"start":{"line":38,"column":6},"end":{"line":38,"column":32}},"8":{"start":{"line":42,"column":30},"end":{"line":45,"column":3}},"9":{"start":{"line":43,"column":4},"end":{"line":43,"column":50}},"10":{"start":{"line":44,"column":4},"end":{"line":44,"column":14}},"11":{"start":{"line":47,"column":31},"end":{"line":50,"column":3}},"12":{"start":{"line":48,"column":4},"end":{"line":48,"column":24}},"13":{"start":{"line":49,"column":4},"end":{"line":49,"column":41}},"14":{"start":{"line":53,"column":44},"end":{"line":64,"column":3}},"15":{"start":{"line":54,"column":4},"end":{"line":63,"column":49}},"16":{"start":{"line":56,"column":25},"end":{"line":56,"column":72}},"17":{"start":{"line":56,"column":50},"end":{"line":56,"column":71}},"18":{"start":{"line":57,"column":8},"end":{"line":60,"column":10}},"19":{"start":{"line":62,"column":26},"end":{"line":62,"column":39}},"20":{"start":{"line":63,"column":22},"end":{"line":63,"column":47}},"21":{"start":{"line":66,"column":25},"end":{"line":66,"column":60}},"22":{"start":{"line":68,"column":2},"end":{"line":173,"column":4}},"23":{"start":{"line":86,"column":14},"end":{"line":144,"column":25}},"24":{"start":{"line":89,"column":31},"end":{"line":89,"column":63}},"25":{"start":{"line":93,"column":22},"end":{"line":95,"column":47}},"26":{"start":{"line":132,"column":38},"end":{"line":132,"column":74}}},"fnMap":{"0":{"name":"(anonymous_0)","decl":{"start":{"line":29,"column":23},"end":{"line":29,"column":24}},"loc":{"start":{"line":29,"column":46},"end":{"line":174,"column":1}},"line":29},"1":{"name":"(anonymous_1)","decl":{"start":{"line":36,"column":12},"end":{"line":36,"column":13}},"loc":{"start":{"line":36,"column":18},"end":{"line":40,"column":3}},"line":36},"2":{"name":"(anonymous_2)","decl":{"start":{"line":42,"column":30},"end":{"line":42,"column":31}},"loc":{"start":{"line":42,"column":46},"end":{"line":45,"column":3}},"line":42},"3":{"name":"(anonymous_3)","decl":{"start":{"line":47,"column":31},"end":{"line":47,"column":32}},"loc":{"start":{"line":47,"column":50},"end":{"line":50,"column":3}},"line":47},"4":{"name":"(anonymous_4)","decl":{"start":{"line":53,"column":44},"end":{"line":53,"column":45}},"loc":{"start":{"line":53,"column":50},"end":{"line":64,"column":3}},"line":53},"5":{"name":"(anonymous_5)","decl":{"start":{"line":55,"column":11},"end":{"line":55,"column":12}},"loc":{"start":{"line":55,"column":39},"end":{"line":61,"column":7}},"line":55},"6":{"name":"(anonymous_6)","decl":{"start":{"line":56,"column":43},"end":{"line":56,"column":44}},"loc":{"start":{"line":56,"column":50},"end":{"line":56,"column":71}},"line":56},"7":{"name":"(anonymous_7)","decl":{"start":{"line":62,"column":14},"end":{"line":62,"column":15}},"loc":{"start":{"line":62,"column":26},"end":{"line":62,"column":39}},"line":62},"8":{"name":"(anonymous_8)","decl":{"start":{"line":63,"column":12},"end":{"line":63,"column":13}},"loc":{"start":{"line":63,"column":22},"end":{"line":63,"column":47}},"line":63},"9":{"name":"(anonymous_9)","decl":{"start":{"line":85,"column":32},"end":{"line":85,"column":33}},"loc":{"start":{"line":86,"column":14},"end":{"line":144,"column":25}},"line":86},"10":{"name":"(anonymous_10)","decl":{"start":{"line":89,"column":25},"end":{"line":89,"column":26}},"loc":{"start":{"line":89,"column":31},"end":{"line":89,"column":63}},"line":89},"11":{"name":"(anonymous_11)","decl":{"start":{"line":92,"column":29},"end":{"line":92,"column":30}},"loc":{"start":{"line":93,"column":22},"end":{"line":95,"column":47}},"line":93},"12":{"name":"(anonymous_12)","decl":{"start":{"line":132,"column":31},"end":{"line":132,"column":32}},"loc":{"start":{"line":132,"column":38},"end":{"line":132,"column":74}},"line":132}},"branchMap":{"0":{"loc":{"start":{"line":37,"column":4},"end":{"line":39,"column":5}},"type":"if","locations":[{"start":{"line":37,"column":4},"end":{"line":39,"column":5}},{"start":{},"end":{}}],"line":37},"1":{"loc":{"start":{"line":83,"column":9},"end":{"line":167,"column":9}},"type":"cond-expr","locations":[{"start":{"line":84,"column":10},"end":{"line":146,"column":17}},{"start":{"line":148,"column":10},"end":{"line":166,"column":16}}],"line":83},"2":{"loc":{"start":{"line":93,"column":22},"end":{"line":95,"column":47}},"type":"cond-expr","locations":[{"start":{"line":94,"column":26},"end":{"line":94,"column":53}},{"start":{"line":95,"column":26},"end":{"line":95,"column":47}}],"line":93}},"s":{"0":0,"1":0,"2":0,"3":0,"4":0,"5":0,"6":0,"7":0,"8":0,"9":0,"10":0,"11":0,"12":0,"13":0,"14":0,"15":0,"16":0,"17":0,"18":0,"19":0,"20":0,"21":0,"22":0,"23":0,"24":0,"25":0,"26":0},"f":{"0":0,"1":0,"2":0,"3":0,"4":0,"5":0,"6":0,"7":0,"8":0,"9":0,"10":0,"11":0,"12":0},"b":{"0":[0,0],"1":[0,0],"2":[0,0]}}
,"/Users/priyeshsi/sandbox/org-chart/src/components/shared/ChangeManagerDialog.js": {"path":"/Users/priyeshsi/sandbox/org-chart/src/components/shared/ChangeManagerDialog.js","statementMap":{"0":{"start":{"line":29,"column":28},"end":{"line":251,"column":1}},"1":{"start":{"line":35,"column":19},"end":{"line":35,"column":32}},"2":{"start":{"line":36,"column":23},"end":{"line":36,"column":54}},"3":{"start":{"line":37,"column":26},"end":{"line":39,"column":3}},"4":{"start":{"line":38,"column":4},"end":{"line":38,"column":59}},"5":{"start":{"line":41,"column":52},"end":{"line":41,"column":64}},"6":{"start":{"line":42,"column":28},"end":{"line":42,"column":40}},"7":{"start":{"line":43,"column":42},"end":{"line":43,"column":57}},"8":{"start":{"line":45,"column":2},"end":{"line":51,"column":23}},"9":{"start":{"line":46,"column":4},"end":{"line":50,"column":5}},"10":{"start":{"line":47,"column":6},"end":{"line":47,"column":53}},"11":{"start":{"line":48,"column":6},"end":{"line":48,"column":19}},"12":{"start":{"line":49,"column":6},"end":{"line":49,"column":29}},"13":{"start":{"line":54,"column":33},"end":{"line":67,"column":3}},"14":{"start":{"line":55,"column":20},"end":{"line":55,"column":41}},"15":{"start":{"line":56,"column":27},"end":{"line":56,"column":39}},"16":{"start":{"line":58,"column":4},"end":{"line":65,"column":5}},"17":{"start":{"line":59,"column":6},"end":{"line":61,"column":7}},"18":{"start":{"line":60,"column":8},"end":{"line":60,"column":20}},"19":{"start":{"line":62,"column":6},"end":{"line":62,"column":36}},"20":{"start":{"line":63,"column":22},"end":{"line":63,"column":75}},"21":{"start":{"line":63,"column":47},"end":{"line":63,"column":74}},"22":{"start":{"line":64,"column":6},"end":{"line":64,"column":44}},"23":{"start":{"line":66,"column":4},"end":{"line":66,"column":17}},"24":{"start":{"line":70,"column":33},"end":{"line":91,"column":3}},"25":{"start":{"line":71,"column":4},"end":{"line":71,"column":29}},"26":{"start":{"line":71,"column":19},"end":{"line":71,"column":29}},"27":{"start":{"line":73,"column":30},"end":{"line":85,"column":5}},"28":{"start":{"line":74,"column":27},"end":{"line":74,"column":36}},"29":{"start":{"line":75,"column":20},"end":{"line":82,"column":7}},"30":{"start":{"line":76,"column":8},"end":{"line":81,"column":11}},"31":{"start":{"line":77,"column":10},"end":{"line":80,"column":11}},"32":{"start":{"line":78,"column":12},"end":{"line":78,"column":37}},"33":{"start":{"line":79,"column":12},"end":{"line":79,"column":26}},"34":{"start":{"line":83,"column":6},"end":{"line":83,"column":19}},"35":{"start":{"line":84,"column":6},"end":{"line":84,"column":26}},"36":{"start":{"line":87,"column":23},"end":{"line":87,"column":53}},"37":{"start":{"line":88,"column":4},"end":{"line":88,"column":32}},"38":{"start":{"line":90,"column":4},"end":{"line":90,"column":63}},"39":{"start":{"line":90,"column":38},"end":{"line":90,"column":61}},"40":{"start":{"line":93,"column":23},"end":{"line":96,"column":3}},"41":{"start":{"line":94,"column":4},"end":{"line":94,"column":45}},"42":{"start":{"line":95,"column":4},"end":{"line":95,"column":17}},"43":{"start":{"line":98,"column":22},"end":{"line":104,"column":3}},"44":{"start":{"line":99,"column":4},"end":{"line":103,"column":5}},"45":{"start":{"line":100,"column":6},"end":{"line":100,"column":19}},"46":{"start":{"line":101,"column":6},"end":{"line":101,"column":29}},"47":{"start":{"line":102,"column":6},"end":{"line":102,"column":16}},"48":{"start":{"line":106,"column":23},"end":{"line":135,"column":3}},"49":{"start":{"line":108,"column":4},"end":{"line":111,"column":5}},"50":{"start":{"line":109,"column":6},"end":{"line":109,"column":20}},"51":{"start":{"line":110,"column":6},"end":{"line":110,"column":13}},"52":{"start":{"line":114,"column":4},"end":{"line":117,"column":5}},"53":{"start":{"line":115,"column":6},"end":{"line":115,"column":77}},"54":{"start":{"line":116,"column":6},"end":{"line":116,"column":13}},"55":{"start":{"line":119,"column":4},"end":{"line":119,"column":26}},"56":{"start":{"line":120,"column":4},"end":{"line":120,"column":17}},"57":{"start":{"line":122,"column":4},"end":{"line":134,"column":5}},"58":{"start":{"line":123,"column":27},"end":{"line":126,"column":18}},"59":{"start":{"line":128,"column":6},"end":{"line":128,"column":78}},"60":{"start":{"line":129,"column":6},"end":{"line":129,"column":20}},"61":{"start":{"line":131,"column":6},"end":{"line":131,"column":61}},"62":{"start":{"line":132,"column":6},"end":{"line":132,"column":86}},"63":{"start":{"line":133,"column":6},"end":{"line":133,"column":29}},"64":{"start":{"line":137,"column":2},"end":{"line":137,"column":29}},"65":{"start":{"line":137,"column":17},"end":{"line":137,"column":29}},"66":{"start":{"line":139,"column":2},"end":{"line":250,"column":4}},"67":{"start":{"line":177,"column":18},"end":{"line":184,"column":29}},"68":{"start":{"line":215,"column":16},"end":{"line":217,"column":27}},"69":{"start":{"line":231,"column":57},"end":{"line":231,"column":86}}},"fnMap":{"0":{"name":"(anonymous_0)","decl":{"start":{"line":29,"column":28},"end":{"line":29,"column":29}},"loc":{"start":{"line":34,"column":6},"end":{"line":251,"column":1}},"line":34},"1":{"name":"(anonymous_1)","decl":{"start":{"line":37,"column":38},"end":{"line":37,"column":39}},"loc":{"start":{"line":38,"column":4},"end":{"line":38,"column":59}},"line":38},"2":{"name":"(anonymous_2)","decl":{"start":{"line":45,"column":12},"end":{"line":45,"column":13}},"loc":{"start":{"line":45,"column":18},"end":{"line":51,"column":3}},"line":45},"3":{"name":"(anonymous_3)","decl":{"start":{"line":54,"column":33},"end":{"line":54,"column":34}},"loc":{"start":{"line":54,"column":63},"end":{"line":67,"column":3}},"line":54},"4":{"name":"(anonymous_4)","decl":{"start":{"line":63,"column":40},"end":{"line":63,"column":41}},"loc":{"start":{"line":63,"column":47},"end":{"line":63,"column":74}},"line":63},"5":{"name":"(anonymous_5)","decl":{"start":{"line":70,"column":33},"end":{"line":70,"column":34}},"loc":{"start":{"line":70,"column":39},"end":{"line":91,"column":3}},"line":70},"6":{"name":"(anonymous_6)","decl":{"start":{"line":73,"column":30},"end":{"line":73,"column":31}},"loc":{"start":{"line":73,"column":41},"end":{"line":85,"column":5}},"line":73},"7":{"name":"(anonymous_7)","decl":{"start":{"line":75,"column":20},"end":{"line":75,"column":21}},"loc":{"start":{"line":75,"column":28},"end":{"line":82,"column":7}},"line":75},"8":{"name":"(anonymous_8)","decl":{"start":{"line":76,"column":29},"end":{"line":76,"column":30}},"loc":{"start":{"line":76,"column":36},"end":{"line":81,"column":9}},"line":76},"9":{"name":"(anonymous_9)","decl":{"start":{"line":90,"column":31},"end":{"line":90,"column":32}},"loc":{"start":{"line":90,"column":38},"end":{"line":90,"column":61}},"line":90},"10":{"name":"(anonymous_10)","decl":{"start":{"line":93,"column":23},"end":{"line":93,"column":24}},"loc":{"start":{"line":93,"column":34},"end":{"line":96,"column":3}},"line":93},"11":{"name":"(anonymous_11)","decl":{"start":{"line":98,"column":22},"end":{"line":98,"column":23}},"loc":{"start":{"line":98,"column":28},"end":{"line":104,"column":3}},"line":98},"12":{"name":"(anonymous_12)","decl":{"start":{"line":106,"column":23},"end":{"line":106,"column":24}},"loc":{"start":{"line":106,"column":35},"end":{"line":135,"column":3}},"line":106},"13":{"name":"(anonymous_13)","decl":{"start":{"line":176,"column":37},"end":{"line":176,"column":38}},"loc":{"start":{"line":177,"column":18},"end":{"line":184,"column":29}},"line":177},"14":{"name":"(anonymous_14)","decl":{"start":{"line":214,"column":44},"end":{"line":214,"column":45}},"loc":{"start":{"line":215,"column":16},"end":{"line":217,"column":27}},"line":215},"15":{"name":"(anonymous_15)","decl":{"start":{"line":231,"column":50},"end":{"line":231,"column":51}},"loc":{"start":{"line":231,"column":57},"end":{"line":231,"column":86}},"line":231}},"branchMap":{"0":{"loc":{"start":{"line":38,"column":4},"end":{"line":38,"column":59}},"type":"cond-expr","locations":[{"start":{"line":38,"column":15},"end":{"line":38,"column":54}},{"start":{"line":38,"column":57},"end":{"line":38,"column":59}}],"line":38},"1":{"loc":{"start":{"line":46,"column":4},"end":{"line":50,"column":5}},"type":"if","locations":[{"start":{"line":46,"column":4},"end":{"line":50,"column":5}},{"start":{},"end":{}}],"line":46},"2":{"loc":{"start":{"line":46,"column":8},"end":{"line":46,"column":24}},"type":"binary-expr","locations":[{"start":{"line":46,"column":8},"end":{"line":46,"column":12}},{"start":{"line":46,"column":16},"end":{"line":46,"column":24}}],"line":46},"3":{"loc":{"start":{"line":47,"column":27},"end":{"line":47,"column":51}},"type":"binary-expr","locations":[{"start":{"line":47,"column":27},"end":{"line":47,"column":45}},{"start":{"line":47,"column":49},"end":{"line":47,"column":51}}],"line":47},"4":{"loc":{"start":{"line":59,"column":6},"end":{"line":61,"column":7}},"type":"if","locations":[{"start":{"line":59,"column":6},"end":{"line":61,"column":7}},{"start":{},"end":{}}],"line":59},"5":{"loc":{"start":{"line":71,"column":4},"end":{"line":71,"column":29}},"type":"if","locations":[{"start":{"line":71,"column":4},"end":{"line":71,"column":29}},{"start":{},"end":{}}],"line":71},"6":{"loc":{"start":{"line":77,"column":10},"end":{"line":80,"column":11}},"type":"if","locations":[{"start":{"line":77,"column":10},"end":{"line":80,"column":11}},{"start":{},"end":{}}],"line":77},"7":{"loc":{"start":{"line":99,"column":4},"end":{"line":103,"column":5}},"type":"if","locations":[{"start":{"line":99,"column":4},"end":{"line":103,"column":5}},{"start":{},"end":{}}],"line":99},"8":{"loc":{"start":{"line":108,"column":4},"end":{"line":111,"column":5}},"type":"if","locations":[{"start":{"line":108,"column":4},"end":{"line":111,"column":5}},{"start":{},"end":{}}],"line":108},"9":{"loc":{"start":{"line":114,"column":4},"end":{"line":117,"column":5}},"type":"if","locations":[{"start":{"line":114,"column":4},"end":{"line":117,"column":5}},{"start":{},"end":{}}],"line":114},"10":{"loc":{"start":{"line":125,"column":22},"end":{"line":125,"column":47}},"type":"binary-expr","locations":[{"start":{"line":125,"column":22},"end":{"line":125,"column":39}},{"start":{"line":125,"column":43},"end":{"line":125,"column":47}}],"line":125},"11":{"loc":{"start":{"line":132,"column":15},"end":{"line":132,"column":84}},"type":"binary-expr","locations":[{"start":{"line":132,"column":15},"end":{"line":132,"column":28}},{"start":{"line":132,"column":32},"end":{"line":132,"column":84}}],"line":132},"12":{"loc":{"start":{"line":137,"column":2},"end":{"line":137,"column":29}},"type":"if","locations":[{"start":{"line":137,"column":2},"end":{"line":137,"column":29}},{"start":{},"end":{}}],"line":137},"13":{"loc":{"start":{"line":161,"column":11},"end":{"line":168,"column":11}},"type":"binary-expr","locations":[{"start":{"line":161,"column":11},"end":{"line":161,"column":43}},{"start":{"line":162,"column":12},"end":{"line":167,"column":20}}],"line":161},"14":{"loc":{"start":{"line":170,"column":11},"end":{"line":188,"column":11}},"type":"binary-expr","locations":[{"start":{"line":170,"column":11},"end":{"line":170,"column":37}},{"start":{"line":171,"column":12},"end":{"line":187,"column":18}}],"line":170},"15":{"loc":{"start":{"line":192,"column":11},"end":{"line":196,"column":11}},"type":"binary-expr","locations":[{"start":{"line":192,"column":11},"end":{"line":192,"column":16}},{"start":{"line":193,"column":12},"end":{"line":195,"column":20}}],"line":192},"16":{"loc":{"start":{"line":220,"column":13},"end":{"line":220,"column":62}},"type":"binary-expr","locations":[{"start":{"line":220,"column":13},"end":{"line":220,"column":18}},{"start":{"line":220,"column":22},"end":{"line":220,"column":62}}],"line":220},"17":{"loc":{"start":{"line":223,"column":11},"end":{"line":233,"column":11}},"type":"binary-expr","locations":[{"start":{"line":223,"column":11},"end":{"line":223,"column":29}},{"start":{"line":224,"column":12},"end":{"line":232,"column":25}}],"line":223},"18":{"loc":{"start":{"line":231,"column":32},"end":{"line":231,"column":103}},"type":"binary-expr","locations":[{"start":{"line":231,"column":32},"end":{"line":231,"column":93}},{"start":{"line":231,"column":97},"end":{"line":231,"column":103}}],"line":231},"19":{"loc":{"start":{"line":246,"column":11},"end":{"line":246,"column":54}},"type":"cond-expr","locations":[{"start":{"line":246,"column":26},"end":{"line":246,"column":37}},{"start":{"line":246,"column":40},"end":{"line":246,"column":54}}],"line":246}},"s":{"0":0,"1":0,"2":0,"3":0,"4":0,"5":0,"6":0,"7":0,"8":0,"9":0,"10":0,"11":0,"12":0,"13":0,"14":0,"15":0,"16":0,"17":0,"18":0,"19":0,"20":0,"21":0,"22":0,"23":0,"24":0,"25":0,"26":0,"27":0,"28":0,"29":0,"30":0,"31":0,"32":0,"33":0,"34":0,"35":0,"36":0,"37":0,"38":0,"39":0,"40":0,"41":0,"42":0,"43":0,"44":0,"45":0,"46":0,"47":0,"48":0,"49":0,"50":0,"51":0,"52":0,"53":0,"54":0,"55":0,"56":0,"57":0,"58":0,"59":0,"60":0,"61":0,"62":0,"63":0,"64":0,"65":0,"66":0,"67":0,"68":0,"69":0},"f":{"0":0,"1":0,"2":0,"3":0,"4":0,"5":0,"6":0,"7":0,"8":0,"9":0,"10":0,"11":0,"12":0,"13":0,"14":0,"15":0},"b":{"0":[0,0],"1":[0,0],"2":[0,0],"3":[0,0],"4":[0,0],"5":[0,0],"6":[0,0],"7":[0,0],"8":[0,0],"9":[0,0],"10":[0,0],"11":[0,0],"12":[0,0],"13":[0,0],"14":[0,0],"15":[0,0],"16":[0,0],"17":[0,0],"18":[0,0],"19":[0,0]}}
,"/Users/priyeshsi/sandbox/org-chart/src/components/shared/DeleteConfirmationDialog.js": {"path":"/Users/priyeshsi/sandbox/org-chart/src/components/shared/DeleteConfirmationDialog.js","statementMap":{"0":{"start":{"line":14,"column":33},"end":{"line":60,"column":1}},"1":{"start":{"line":21,"column":2},"end":{"line":59,"column":4}}},"fnMap":{"0":{"name":"(anonymous_0)","decl":{"start":{"line":14,"column":33},"end":{"line":14,"column":34}},"loc":{"start":{"line":20,"column":6},"end":{"line":60,"column":1}},"line":20}},"branchMap":{"0":{"loc":{"start":{"line":55,"column":11},"end":{"line":55,"column":48}},"type":"cond-expr","locations":[{"start":{"line":55,"column":24},"end":{"line":55,"column":37}},{"start":{"line":55,"column":40},"end":{"line":55,"column":48}}],"line":55}},"s":{"0":0,"1":0},"f":{"0":0},"b":{"0":[0,0]}}
,"/Users/priyeshsi/sandbox/org-chart/src/components/shared/EmployeeModal.js": {"path":"/Users/priyeshsi/sandbox/org-chart/src/components/shared/EmployeeModal.js","statementMap":{"0":{"start":{"line":23,"column":24},"end":{"line":29,"column":1}},"1":{"start":{"line":31,"column":22},"end":{"line":37,"column":1}},"2":{"start":{"line":39,"column":22},"end":{"line":336,"column":1}},"3":{"start":{"line":40,"column":19},"end":{"line":40,"column":32}},"4":{"start":{"line":41,"column":23},"end":{"line":41,"column":54}},"5":{"start":{"line":42,"column":34},"end":{"line":42,"column":59}},"6":{"start":{"line":43,"column":30},"end":{"line":43,"column":53}},"7":{"start":{"line":44,"column":42},"end":{"line":44,"column":57}},"8":{"start":{"line":45,"column":40},"end":{"line":45,"column":52}},"9":{"start":{"line":48,"column":2},"end":{"line":67,"column":33}},"10":{"start":{"line":49,"column":4},"end":{"line":66,"column":5}},"11":{"start":{"line":50,"column":6},"end":{"line":63,"column":7}},"12":{"start":{"line":52,"column":63},"end":{"line":52,"column":75}},"13":{"start":{"line":53,"column":8},"end":{"line":53,"column":85}},"14":{"start":{"line":54,"column":13},"end":{"line":63,"column":7}},"15":{"start":{"line":56,"column":8},"end":{"line":59,"column":11}},"16":{"start":{"line":62,"column":8},"end":{"line":62,"column":37}},"17":{"start":{"line":64,"column":6},"end":{"line":64,"column":31}},"18":{"start":{"line":65,"column":6},"end":{"line":65,"column":25}},"19":{"start":{"line":69,"column":23},"end":{"line":115,"column":3}},"20":{"start":{"line":70,"column":22},"end":{"line":70,"column":42}},"21":{"start":{"line":71,"column":18},"end":{"line":71,"column":22}},"22":{"start":{"line":74,"column":4},"end":{"line":77,"column":5}},"23":{"start":{"line":75,"column":6},"end":{"line":75,"column":42}},"24":{"start":{"line":76,"column":6},"end":{"line":76,"column":22}},"25":{"start":{"line":80,"column":4},"end":{"line":83,"column":5}},"26":{"start":{"line":81,"column":6},"end":{"line":81,"column":56}},"27":{"start":{"line":82,"column":6},"end":{"line":82,"column":22}},"28":{"start":{"line":86,"column":4},"end":{"line":92,"column":5}},"29":{"start":{"line":87,"column":6},"end":{"line":87,"column":44}},"30":{"start":{"line":88,"column":6},"end":{"line":88,"column":22}},"31":{"start":{"line":89,"column":11},"end":{"line":92,"column":5}},"32":{"start":{"line":90,"column":6},"end":{"line":90,"column":48}},"33":{"start":{"line":91,"column":6},"end":{"line":91,"column":22}},"34":{"start":{"line":95,"column":4},"end":{"line":101,"column":5}},"35":{"start":{"line":96,"column":6},"end":{"line":96,"column":51}},"36":{"start":{"line":97,"column":6},"end":{"line":97,"column":22}},"37":{"start":{"line":98,"column":11},"end":{"line":101,"column":5}},"38":{"start":{"line":99,"column":6},"end":{"line":99,"column":54}},"39":{"start":{"line":100,"column":6},"end":{"line":100,"column":22}},"40":{"start":{"line":104,"column":4},"end":{"line":111,"column":5}},"41":{"start":{"line":106,"column":35},"end":{"line":106,"column":58}},"42":{"start":{"line":107,"column":6},"end":{"line":110,"column":7}},"43":{"start":{"line":108,"column":8},"end":{"line":108,"column":52}},"44":{"start":{"line":109,"column":8},"end":{"line":109,"column":24}},"45":{"start":{"line":113,"column":4},"end":{"line":113,"column":25}},"46":{"start":{"line":114,"column":4},"end":{"line":114,"column":19}},"47":{"start":{"line":117,"column":23},"end":{"line":131,"column":3}},"48":{"start":{"line":117,"column":34},"end":{"line":131,"column":3}},"49":{"start":{"line":118,"column":4},"end":{"line":121,"column":8}},"50":{"start":{"line":118,"column":25},"end":{"line":121,"column":5}},"51":{"start":{"line":122,"column":4},"end":{"line":127,"column":5}},"52":{"start":{"line":123,"column":6},"end":{"line":126,"column":10}},"53":{"start":{"line":123,"column":25},"end":{"line":126,"column":7}},"54":{"start":{"line":128,"column":4},"end":{"line":130,"column":5}},"55":{"start":{"line":129,"column":6},"end":{"line":129,"column":25}},"56":{"start":{"line":133,"column":23},"end":{"line":166,"column":3}},"57":{"start":{"line":134,"column":4},"end":{"line":136,"column":5}},"58":{"start":{"line":135,"column":6},"end":{"line":135,"column":13}},"59":{"start":{"line":138,"column":4},"end":{"line":138,"column":26}},"60":{"start":{"line":139,"column":4},"end":{"line":139,"column":23}},"61":{"start":{"line":141,"column":4},"end":{"line":165,"column":5}},"62":{"start":{"line":142,"column":6},"end":{"line":158,"column":7}},"63":{"start":{"line":143,"column":8},"end":{"line":149,"column":12}},"64":{"start":{"line":150,"column":8},"end":{"line":150,"column":53}},"65":{"start":{"line":152,"column":29},"end":{"line":155,"column":9}},"66":{"start":{"line":156,"column":8},"end":{"line":156,"column":50}},"67":{"start":{"line":157,"column":8},"end":{"line":157,"column":51}},"68":{"start":{"line":159,"column":6},"end":{"line":159,"column":16}},"69":{"start":{"line":161,"column":6},"end":{"line":161,"column":53}},"70":{"start":{"line":162,"column":6},"end":{"line":162,"column":67}},"71":{"start":{"line":164,"column":6},"end":{"line":164,"column":29}},"72":{"start":{"line":169,"column":28},"end":{"line":174,"column":3}},"73":{"start":{"line":170,"column":4},"end":{"line":172,"column":5}},"74":{"start":{"line":171,"column":6},"end":{"line":171,"column":26}},"75":{"start":{"line":173,"column":4},"end":{"line":173,"column":67}},"76":{"start":{"line":173,"column":38},"end":{"line":173,"column":65}},"77":{"start":{"line":177,"column":25},"end":{"line":186,"column":3}},"78":{"start":{"line":178,"column":4},"end":{"line":185,"column":5}},"79":{"start":{"line":180,"column":8},"end":{"line":180,"column":39}},"80":{"start":{"line":182,"column":8},"end":{"line":182,"column":34}},"81":{"start":{"line":184,"column":8},"end":{"line":184,"column":34}},"82":{"start":{"line":188,"column":28},"end":{"line":213,"column":3}},"83":{"start":{"line":189,"column":25},"end":{"line":189,"column":59}},"84":{"start":{"line":191,"column":4},"end":{"line":212,"column":6}},"85":{"start":{"line":205,"column":12},"end":{"line":207,"column":23}},"86":{"start":{"line":215,"column":2},"end":{"line":335,"column":4}},"87":{"start":{"line":304,"column":18},"end":{"line":306,"column":29}}},"fnMap":{"0":{"name":"(anonymous_0)","decl":{"start":{"line":39,"column":22},"end":{"line":39,"column":23}},"loc":{"start":{"line":39,"column":91},"end":{"line":336,"column":1}},"line":39},"1":{"name":"(anonymous_1)","decl":{"start":{"line":48,"column":12},"end":{"line":48,"column":13}},"loc":{"start":{"line":48,"column":18},"end":{"line":67,"column":3}},"line":48},"2":{"name":"(anonymous_2)","decl":{"start":{"line":69,"column":23},"end":{"line":69,"column":24}},"loc":{"start":{"line":69,"column":29},"end":{"line":115,"column":3}},"line":69},"3":{"name":"(anonymous_3)","decl":{"start":{"line":117,"column":23},"end":{"line":117,"column":24}},"loc":{"start":{"line":117,"column":34},"end":{"line":131,"column":3}},"line":117},"4":{"name":"(anonymous_4)","decl":{"start":{"line":117,"column":34},"end":{"line":117,"column":35}},"loc":{"start":{"line":117,"column":45},"end":{"line":131,"column":3}},"line":117},"5":{"name":"(anonymous_5)","decl":{"start":{"line":118,"column":16},"end":{"line":118,"column":17}},"loc":{"start":{"line":118,"column":25},"end":{"line":121,"column":5}},"line":118},"6":{"name":"(anonymous_6)","decl":{"start":{"line":123,"column":16},"end":{"line":123,"column":17}},"loc":{"start":{"line":123,"column":25},"end":{"line":126,"column":7}},"line":123},"7":{"name":"(anonymous_7)","decl":{"start":{"line":133,"column":23},"end":{"line":133,"column":24}},"loc":{"start":{"line":133,"column":35},"end":{"line":166,"column":3}},"line":133},"8":{"name":"(anonymous_8)","decl":{"start":{"line":169,"column":28},"end":{"line":169,"column":29}},"loc":{"start":{"line":169,"column":34},"end":{"line":174,"column":3}},"line":169},"9":{"name":"(anonymous_9)","decl":{"start":{"line":173,"column":31},"end":{"line":173,"column":32}},"loc":{"start":{"line":173,"column":38},"end":{"line":173,"column":65}},"line":173},"10":{"name":"(anonymous_10)","decl":{"start":{"line":177,"column":25},"end":{"line":177,"column":26}},"loc":{"start":{"line":177,"column":31},"end":{"line":186,"column":3}},"line":177},"11":{"name":"(anonymous_11)","decl":{"start":{"line":188,"column":28},"end":{"line":188,"column":29}},"loc":{"start":{"line":188,"column":70},"end":{"line":213,"column":3}},"line":188},"12":{"name":"(anonymous_12)","decl":{"start":{"line":204,"column":28},"end":{"line":204,"column":29}},"loc":{"start":{"line":205,"column":12},"end":{"line":207,"column":23}},"line":205},"13":{"name":"(anonymous_13)","decl":{"start":{"line":303,"column":41},"end":{"line":303,"column":42}},"loc":{"start":{"line":304,"column":18},"end":{"line":306,"column":29}},"line":304}},"branchMap":{"0":{"loc":{"start":{"line":39,"column":40},"end":{"line":39,"column":52}},"type":"default-arg","locations":[{"start":{"line":39,"column":47},"end":{"line":39,"column":52}}],"line":39},"1":{"loc":{"start":{"line":39,"column":54},"end":{"line":39,"column":73}},"type":"default-arg","locations":[{"start":{"line":39,"column":69},"end":{"line":39,"column":73}}],"line":39},"2":{"loc":{"start":{"line":49,"column":4},"end":{"line":66,"column":5}},"type":"if","locations":[{"start":{"line":49,"column":4},"end":{"line":66,"column":5}},{"start":{},"end":{}}],"line":49},"3":{"loc":{"start":{"line":50,"column":6},"end":{"line":63,"column":7}},"type":"if","locations":[{"start":{"line":50,"column":6},"end":{"line":63,"column":7}},{"start":{"line":54,"column":13},"end":{"line":63,"column":7}}],"line":50},"4":{"loc":{"start":{"line":50,"column":10},"end":{"line":50,"column":41}},"type":"binary-expr","locations":[{"start":{"line":50,"column":10},"end":{"line":50,"column":25}},{"start":{"line":50,"column":29},"end":{"line":50,"column":41}}],"line":50},"5":{"loc":{"start":{"line":53,"column":66},"end":{"line":53,"column":81}},"type":"binary-expr","locations":[{"start":{"line":53,"column":66},"end":{"line":53,"column":75}},{"start":{"line":53,"column":79},"end":{"line":53,"column":81}}],"line":53},"6":{"loc":{"start":{"line":54,"column":13},"end":{"line":63,"column":7}},"type":"if","locations":[{"start":{"line":54,"column":13},"end":{"line":63,"column":7}},{"start":{"line":60,"column":13},"end":{"line":63,"column":7}}],"line":54},"7":{"loc":{"start":{"line":54,"column":17},"end":{"line":54,"column":65}},"type":"binary-expr","locations":[{"start":{"line":54,"column":17},"end":{"line":54,"column":40}},{"start":{"line":54,"column":44},"end":{"line":54,"column":65}}],"line":54},"8":{"loc":{"start":{"line":74,"column":4},"end":{"line":77,"column":5}},"type":"if","locations":[{"start":{"line":74,"column":4},"end":{"line":77,"column":5}},{"start":{},"end":{}}],"line":74},"9":{"loc":{"start":{"line":80,"column":4},"end":{"line":83,"column":5}},"type":"if","locations":[{"start":{"line":80,"column":4},"end":{"line":83,"column":5}},{"start":{},"end":{}}],"line":80},"10":{"loc":{"start":{"line":86,"column":4},"end":{"line":92,"column":5}},"type":"if","locations":[{"start":{"line":86,"column":4},"end":{"line":92,"column":5}},{"start":{"line":89,"column":11},"end":{"line":92,"column":5}}],"line":86},"11":{"loc":{"start":{"line":89,"column":11},"end":{"line":92,"column":5}},"type":"if","locations":[{"start":{"line":89,"column":11},"end":{"line":92,"column":5}},{"start":{},"end":{}}],"line":89},"12":{"loc":{"start":{"line":95,"column":4},"end":{"line":101,"column":5}},"type":"if","locations":[{"start":{"line":95,"column":4},"end":{"line":101,"column":5}},{"start":{"line":98,"column":11},"end":{"line":101,"column":5}}],"line":95},"13":{"loc":{"start":{"line":98,"column":11},"end":{"line":101,"column":5}},"type":"if","locations":[{"start":{"line":98,"column":11},"end":{"line":101,"column":5}},{"start":{},"end":{}}],"line":98},"14":{"loc":{"start":{"line":104,"column":4},"end":{"line":111,"column":5}},"type":"if","locations":[{"start":{"line":104,"column":4},"end":{"line":111,"column":5}},{"start":{},"end":{}}],"line":104},"15":{"loc":{"start":{"line":107,"column":6},"end":{"line":110,"column":7}},"type":"if","locations":[{"start":{"line":107,"column":6},"end":{"line":110,"column":7}},{"start":{},"end":{}}],"line":107},"16":{"loc":{"start":{"line":107,"column":10},"end":{"line":107,"column":53}},"type":"binary-expr","locations":[{"start":{"line":107,"column":10},"end":{"line":107,"column":30}},{"start":{"line":107,"column":34},"end":{"line":107,"column":53}}],"line":107},"17":{"loc":{"start":{"line":122,"column":4},"end":{"line":127,"column":5}},"type":"if","locations":[{"start":{"line":122,"column":4},"end":{"line":127,"column":5}},{"start":{},"end":{}}],"line":122},"18":{"loc":{"start":{"line":128,"column":4},"end":{"line":130,"column":5}},"type":"if","locations":[{"start":{"line":128,"column":4},"end":{"line":130,"column":5}},{"start":{},"end":{}}],"line":128},"19":{"loc":{"start":{"line":134,"column":4},"end":{"line":136,"column":5}},"type":"if","locations":[{"start":{"line":134,"column":4},"end":{"line":136,"column":5}},{"start":{},"end":{}}],"line":134},"20":{"loc":{"start":{"line":142,"column":6},"end":{"line":158,"column":7}},"type":"if","locations":[{"start":{"line":142,"column":6},"end":{"line":158,"column":7}},{"start":{"line":151,"column":13},"end":{"line":158,"column":7}}],"line":142},"21":{"loc":{"start":{"line":154,"column":21},"end":{"line":154,"column":47}},"type":"binary-expr","locations":[{"start":{"line":154,"column":21},"end":{"line":154,"column":39}},{"start":{"line":154,"column":43},"end":{"line":154,"column":47}}],"line":154},"22":{"loc":{"start":{"line":170,"column":4},"end":{"line":172,"column":5}},"type":"if","locations":[{"start":{"line":170,"column":4},"end":{"line":172,"column":5}},{"start":{},"end":{}}],"line":170},"23":{"loc":{"start":{"line":178,"column":4},"end":{"line":185,"column":5}},"type":"switch","locations":[{"start":{"line":179,"column":6},"end":{"line":180,"column":39}},{"start":{"line":181,"column":6},"end":{"line":182,"column":34}},{"start":{"line":183,"column":6},"end":{"line":184,"column":34}}],"line":178},"24":{"loc":{"start":{"line":210,"column":9},"end":{"line":210,"column":58}},"type":"binary-expr","locations":[{"start":{"line":210,"column":9},"end":{"line":210,"column":14}},{"start":{"line":210,"column":18},"end":{"line":210,"column":58}}],"line":210},"25":{"loc":{"start":{"line":226,"column":9},"end":{"line":230,"column":9}},"type":"binary-expr","locations":[{"start":{"line":226,"column":9},"end":{"line":226,"column":20}},{"start":{"line":227,"column":10},"end":{"line":229,"column":18}}],"line":226},"26":{"loc":{"start":{"line":231,"column":9},"end":{"line":237,"column":9}},"type":"binary-expr","locations":[{"start":{"line":231,"column":9},"end":{"line":231,"column":32}},{"start":{"line":231,"column":36},"end":{"line":231,"column":57}},{"start":{"line":232,"column":10},"end":{"line":236,"column":16}}],"line":231},"27":{"loc":{"start":{"line":287,"column":11},"end":{"line":313,"column":11}},"type":"binary-expr","locations":[{"start":{"line":287,"column":11},"end":{"line":287,"column":25}},{"start":{"line":288,"column":12},"end":{"line":312,"column":26}}],"line":287},"28":{"loc":{"start":{"line":309,"column":15},"end":{"line":311,"column":15}},"type":"binary-expr","locations":[{"start":{"line":309,"column":15},"end":{"line":309,"column":31}},{"start":{"line":310,"column":16},"end":{"line":310,"column":67}}],"line":309},"29":{"loc":{"start":{"line":329,"column":11},"end":{"line":331,"column":65}},"type":"cond-expr","locations":[{"start":{"line":330,"column":15},"end":{"line":330,"column":58}},{"start":{"line":331,"column":15},"end":{"line":331,"column":64}}],"line":329},"30":{"loc":{"start":{"line":330,"column":15},"end":{"line":330,"column":58}},"type":"cond-expr","locations":[{"start":{"line":330,"column":33},"end":{"line":330,"column":44}},{"start":{"line":330,"column":47},"end":{"line":330,"column":58}}],"line":330},"31":{"loc":{"start":{"line":331,"column":15},"end":{"line":331,"column":64}},"type":"cond-expr","locations":[{"start":{"line":331,"column":33},"end":{"line":331,"column":47}},{"start":{"line":331,"column":50},"end":{"line":331,"column":64}}],"line":331}},"s":{"0":0,"1":0,"2":0,"3":0,"4":0,"5":0,"6":0,"7":0,"8":0,"9":0,"10":0,"11":0,"12":0,"13":0,"14":0,"15":0,"16":0,"17":0,"18":0,"19":0,"20":0,"21":0,"22":0,"23":0,"24":0,"25":0,"26":0,"27":0,"28":0,"29":0,"30":0,"31":0,"32":0,"33":0,"34":0,"35":0,"36":0,"37":0,"38":0,"39":0,"40":0,"41":0,"42":0,"43":0,"44":0,"45":0,"46":0,"47":0,"48":0,"49":0,"50":0,"51":0,"52":0,"53":0,"54":0,"55":0,"56":0,"57":0,"58":0,"59":0,"60":0,"61":0,"62":0,"63":0,"64":0,"65":0,"66":0,"67":0,"68":0,"69":0,"70":0,"71":0,"72":0,"73":0,"74":0,"75":0,"76":0,"77":0,"78":0,"79":0,"80":0,"81":0,"82":0,"83":0,"84":0,"85":0,"86":0,"87":0},"f":{"0":0,"1":0,"2":0,"3":0,"4":0,"5":0,"6":0,"7":0,"8":0,"9":0,"10":0,"11":0,"12":0,"13":0},"b":{"0":[0],"1":[0],"2":[0,0],"3":[0,0],"4":[0,0],"5":[0,0],"6":[0,0],"7":[0,0],"8":[0,0],"9":[0,0],"10":[0,0],"11":[0,0],"12":[0,0],"13":[0,0],"14":[0,0],"15":[0,0],"16":[0,0],"17":[0,0],"18":[0,0],"19":[0,0],"20":[0,0],"21":[0,0],"22":[0,0],"23":[0,0,0],"24":[0,0],"25":[0,0],"26":[0,0,0],"27":[0,0],"28":[0,0],"29":[0,0],"30":[0,0],"31":[0,0]}}
,"/Users/priyeshsi/sandbox/org-chart/src/components/shared/ManageDesignations.js": {"path":"/Users/priyeshsi/sandbox/org-chart/src/components/shared/ManageDesignations.js","statementMap":{"0":{"start":{"line":31,"column":27},"end":{"line":204,"column":1}},"1":{"start":{"line":32,"column":19},"end":{"line":32,"column":32}},"2":{"start":{"line":33,"column":23},"end":{"line":33,"column":57}},"3":{"start":{"line":34,"column":46},"end":{"line":34,"column":58}},"4":{"start":{"line":35,"column":54},"end":{"line":35,"column":68}},"5":{"start":{"line":36,"column":36},"end":{"line":36,"column":48}},"6":{"start":{"line":37,"column":28},"end":{"line":37,"column":40}},"7":{"start":{"line":39,"column":30},"end":{"line":50,"column":3}},"8":{"start":{"line":40,"column":4},"end":{"line":43,"column":5}},"9":{"start":{"line":41,"column":6},"end":{"line":41,"column":46}},"10":{"start":{"line":42,"column":6},"end":{"line":42,"column":19}},"11":{"start":{"line":44,"column":4},"end":{"line":47,"column":5}},"12":{"start":{"line":45,"column":6},"end":{"line":45,"column":50}},"13":{"start":{"line":46,"column":6},"end":{"line":46,"column":19}},"14":{"start":{"line":48,"column":4},"end":{"line":48,"column":17}},"15":{"start":{"line":49,"column":4},"end":{"line":49,"column":16}},"16":{"start":{"line":52,"column":20},"end":{"line":57,"column":3}},"17":{"start":{"line":53,"column":4},"end":{"line":56,"column":5}},"18":{"start":{"line":54,"column":6},"end":{"line":54,"column":54}},"19":{"start":{"line":55,"column":6},"end":{"line":55,"column":28}},"20":{"start":{"line":59,"column":26},"end":{"line":63,"column":3}},"21":{"start":{"line":60,"column":4},"end":{"line":60,"column":39}},"22":{"start":{"line":61,"column":4},"end":{"line":61,"column":30}},"23":{"start":{"line":62,"column":4},"end":{"line":62,"column":17}},"24":{"start":{"line":65,"column":21},"end":{"line":74,"column":3}},"25":{"start":{"line":66,"column":4},"end":{"line":73,"column":5}},"26":{"start":{"line":67,"column":6},"end":{"line":70,"column":10}},"27":{"start":{"line":71,"column":6},"end":{"line":71,"column":34}},"28":{"start":{"line":72,"column":6},"end":{"line":72,"column":23}},"29":{"start":{"line":76,"column":23},"end":{"line":78,"column":3}},"30":{"start":{"line":77,"column":4},"end":{"line":77,"column":45}},"31":{"start":{"line":80,"column":25},"end":{"line":94,"column":3}},"32":{"start":{"line":81,"column":4},"end":{"line":93,"column":5}},"33":{"start":{"line":82,"column":6},"end":{"line":86,"column":7}},"34":{"start":{"line":83,"column":8},"end":{"line":83,"column":20}},"35":{"start":{"line":84,"column":13},"end":{"line":86,"column":7}},"36":{"start":{"line":85,"column":8},"end":{"line":85,"column":35}},"37":{"start":{"line":87,"column":11},"end":{"line":93,"column":5}},"38":{"start":{"line":88,"column":6},"end":{"line":92,"column":7}},"39":{"start":{"line":89,"column":8},"end":{"line":89,"column":36}},"40":{"start":{"line":90,"column":8},"end":{"line":90,"column":25}},"41":{"start":{"line":91,"column":8},"end":{"line":91,"column":21}},"42":{"start":{"line":96,"column":2},"end":{"line":203,"column":4}},"43":{"start":{"line":127,"column":31},"end":{"line":127,"column":64}},"44":{"start":{"line":128,"column":33},"end":{"line":128,"column":57}},"45":{"start":{"line":148,"column":12},"end":{"line":195,"column":23}},"46":{"start":{"line":161,"column":35},"end":{"line":161,"column":63}},"47":{"start":{"line":162,"column":37},"end":{"line":162,"column":75}},"48":{"start":{"line":163,"column":32},"end":{"line":163,"column":55}},"49":{"start":{"line":179,"column":37},"end":{"line":179,"column":65}},"50":{"start":{"line":186,"column":37},"end":{"line":186,"column":62}}},"fnMap":{"0":{"name":"(anonymous_0)","decl":{"start":{"line":31,"column":27},"end":{"line":31,"column":28}},"loc":{"start":{"line":31,"column":50},"end":{"line":204,"column":1}},"line":31},"1":{"name":"(anonymous_1)","decl":{"start":{"line":39,"column":30},"end":{"line":39,"column":31}},"loc":{"start":{"line":39,"column":47},"end":{"line":50,"column":3}},"line":39},"2":{"name":"(anonymous_2)","decl":{"start":{"line":52,"column":20},"end":{"line":52,"column":21}},"loc":{"start":{"line":52,"column":26},"end":{"line":57,"column":3}},"line":52},"3":{"name":"(anonymous_3)","decl":{"start":{"line":59,"column":26},"end":{"line":59,"column":27}},"loc":{"start":{"line":59,"column":43},"end":{"line":63,"column":3}},"line":59},"4":{"name":"(anonymous_4)","decl":{"start":{"line":65,"column":21},"end":{"line":65,"column":22}},"loc":{"start":{"line":65,"column":41},"end":{"line":74,"column":3}},"line":65},"5":{"name":"(anonymous_5)","decl":{"start":{"line":76,"column":23},"end":{"line":76,"column":24}},"loc":{"start":{"line":76,"column":40},"end":{"line":78,"column":3}},"line":76},"6":{"name":"(anonymous_6)","decl":{"start":{"line":80,"column":25},"end":{"line":80,"column":26}},"loc":{"start":{"line":80,"column":61},"end":{"line":94,"column":3}},"line":80},"7":{"name":"(anonymous_7)","decl":{"start":{"line":127,"column":24},"end":{"line":127,"column":25}},"loc":{"start":{"line":127,"column":31},"end":{"line":127,"column":64}},"line":127},"8":{"name":"(anonymous_8)","decl":{"start":{"line":128,"column":26},"end":{"line":128,"column":27}},"loc":{"start":{"line":128,"column":33},"end":{"line":128,"column":57}},"line":128},"9":{"name":"(anonymous_9)","decl":{"start":{"line":147,"column":28},"end":{"line":147,"column":29}},"loc":{"start":{"line":148,"column":12},"end":{"line":195,"column":23}},"line":148},"10":{"name":"(anonymous_10)","decl":{"start":{"line":161,"column":28},"end":{"line":161,"column":29}},"loc":{"start":{"line":161,"column":35},"end":{"line":161,"column":63}},"line":161},"11":{"name":"(anonymous_11)","decl":{"start":{"line":162,"column":30},"end":{"line":162,"column":31}},"loc":{"start":{"line":162,"column":37},"end":{"line":162,"column":75}},"line":162},"12":{"name":"(anonymous_12)","decl":{"start":{"line":163,"column":26},"end":{"line":163,"column":27}},"loc":{"start":{"line":163,"column":32},"end":{"line":163,"column":55}},"line":163},"13":{"name":"(anonymous_13)","decl":{"start":{"line":179,"column":31},"end":{"line":179,"column":32}},"loc":{"start":{"line":179,"column":37},"end":{"line":179,"column":65}},"line":179},"14":{"name":"(anonymous_14)","decl":{"start":{"line":186,"column":31},"end":{"line":186,"column":32}},"loc":{"start":{"line":186,"column":37},"end":{"line":186,"column":62}},"line":186}},"branchMap":{"0":{"loc":{"start":{"line":40,"column":4},"end":{"line":43,"column":5}},"type":"if","locations":[{"start":{"line":40,"column":4},"end":{"line":43,"column":5}},{"start":{},"end":{}}],"line":40},"1":{"loc":{"start":{"line":44,"column":4},"end":{"line":47,"column":5}},"type":"if","locations":[{"start":{"line":44,"column":4},"end":{"line":47,"column":5}},{"start":{},"end":{}}],"line":44},"2":{"loc":{"start":{"line":44,"column":8},"end":{"line":44,"column":94}},"type":"binary-expr","locations":[{"start":{"line":44,"column":8},"end":{"line":44,"column":49}},{"start":{"line":44,"column":53},"end":{"line":44,"column":94}}],"line":44},"3":{"loc":{"start":{"line":53,"column":4},"end":{"line":56,"column":5}},"type":"if","locations":[{"start":{"line":53,"column":4},"end":{"line":56,"column":5}},{"start":{},"end":{}}],"line":53},"4":{"loc":{"start":{"line":66,"column":4},"end":{"line":73,"column":5}},"type":"if","locations":[{"start":{"line":66,"column":4},"end":{"line":73,"column":5}},{"start":{},"end":{}}],"line":66},"5":{"loc":{"start":{"line":80,"column":35},"end":{"line":80,"column":56}},"type":"default-arg","locations":[{"start":{"line":80,"column":52},"end":{"line":80,"column":56}}],"line":80},"6":{"loc":{"start":{"line":81,"column":4},"end":{"line":93,"column":5}},"type":"if","locations":[{"start":{"line":81,"column":4},"end":{"line":93,"column":5}},{"start":{"line":87,"column":11},"end":{"line":93,"column":5}}],"line":81},"7":{"loc":{"start":{"line":82,"column":6},"end":{"line":86,"column":7}},"type":"if","locations":[{"start":{"line":82,"column":6},"end":{"line":86,"column":7}},{"start":{"line":84,"column":13},"end":{"line":86,"column":7}}],"line":82},"8":{"loc":{"start":{"line":84,"column":13},"end":{"line":86,"column":7}},"type":"if","locations":[{"start":{"line":84,"column":13},"end":{"line":86,"column":7}},{"start":{},"end":{}}],"line":84},"9":{"loc":{"start":{"line":84,"column":17},"end":{"line":84,"column":50}},"type":"binary-expr","locations":[{"start":{"line":84,"column":17},"end":{"line":84,"column":32}},{"start":{"line":84,"column":36},"end":{"line":84,"column":50}}],"line":84},"10":{"loc":{"start":{"line":87,"column":11},"end":{"line":93,"column":5}},"type":"if","locations":[{"start":{"line":87,"column":11},"end":{"line":93,"column":5}},{"start":{},"end":{}}],"line":87},"11":{"loc":{"start":{"line":88,"column":6},"end":{"line":92,"column":7}},"type":"if","locations":[{"start":{"line":88,"column":6},"end":{"line":92,"column":7}},{"start":{},"end":{}}],"line":88},"12":{"loc":{"start":{"line":116,"column":11},"end":{"line":120,"column":11}},"type":"binary-expr","locations":[{"start":{"line":116,"column":11},"end":{"line":116,"column":16}},{"start":{"line":117,"column":12},"end":{"line":119,"column":20}}],"line":116},"13":{"loc":{"start":{"line":129,"column":21},"end":{"line":129,"column":51}},"type":"binary-expr","locations":[{"start":{"line":129,"column":21},"end":{"line":129,"column":28}},{"start":{"line":129,"column":32},"end":{"line":129,"column":51}}],"line":129},"14":{"loc":{"start":{"line":157,"column":15},"end":{"line":194,"column":15}},"type":"cond-expr","locations":[{"start":{"line":158,"column":16},"end":{"line":168,"column":18}},{"start":{"line":170,"column":16},"end":{"line":193,"column":19}}],"line":157}},"s":{"0":0,"1":0,"2":0,"3":0,"4":0,"5":0,"6":0,"7":0,"8":0,"9":0,"10":0,"11":0,"12":0,"13":0,"14":0,"15":0,"16":0,"17":0,"18":0,"19":0,"20":0,"21":0,"22":0,"23":0,"24":0,"25":0,"26":0,"27":0,"28":0,"29":0,"30":0,"31":0,"32":0,"33":0,"34":0,"35":0,"36":0,"37":0,"38":0,"39":0,"40":0,"41":0,"42":0,"43":0,"44":0,"45":0,"46":0,"47":0,"48":0,"49":0,"50":0},"f":{"0":0,"1":0,"2":0,"3":0,"4":0,"5":0,"6":0,"7":0,"8":0,"9":0,"10":0,"11":0,"12":0,"13":0,"14":0},"b":{"0":[0,0],"1":[0,0],"2":[0,0],"3":[0,0],"4":[0,0],"5":[0],"6":[0,0],"7":[0,0],"8":[0,0],"9":[0,0],"10":[0,0],"11":[0,0],"12":[0,0],"13":[0,0],"14":[0,0]}}
,"/Users/priyeshsi/sandbox/org-chart/src/components/shared/ThemeToggle/ThemeToggle.js": {"path":"/Users/priyeshsi/sandbox/org-chart/src/components/shared/ThemeToggle/ThemeToggle.js","statementMap":{"0":{"start":{"line":9,"column":20},"end":{"line":28,"column":1}},"1":{"start":{"line":10,"column":19},"end":{"line":10,"column":32}},"2":{"start":{"line":11,"column":20},"end":{"line":11,"column":48}},"3":{"start":{"line":13,"column":2},"end":{"line":27,"column":4}},"4":{"start":{"line":16,"column":23},"end":{"line":16,"column":46}}},"fnMap":{"0":{"name":"(anonymous_0)","decl":{"start":{"line":9,"column":20},"end":{"line":9,"column":21}},"loc":{"start":{"line":9,"column":26},"end":{"line":28,"column":1}},"line":9},"1":{"name":"(anonymous_1)","decl":{"start":{"line":16,"column":17},"end":{"line":16,"column":18}},"loc":{"start":{"line":16,"column":23},"end":{"line":16,"column":46}},"line":16}},"branchMap":{"0":{"loc":{"start":{"line":14,"column":33},"end":{"line":14,"column":73}},"type":"cond-expr","locations":[{"start":{"line":14,"column":57},"end":{"line":14,"column":63}},{"start":{"line":14,"column":66},"end":{"line":14,"column":73}}],"line":14},"1":{"loc":{"start":{"line":24,"column":9},"end":{"line":24,"column":69}},"type":"cond-expr","locations":[{"start":{"line":24,"column":33},"end":{"line":24,"column":49}},{"start":{"line":24,"column":52},"end":{"line":24,"column":69}}],"line":24}},"s":{"0":0,"1":0,"2":0,"3":0,"4":0},"f":{"0":0,"1":0},"b":{"0":[0,0],"1":[0,0]}}
,"/Users/priyeshsi/sandbox/org-chart/src/components/shared/ThemeToggle/index.js": {"path":"/Users/priyeshsi/sandbox/org-chart/src/components/shared/ThemeToggle/index.js","statementMap":{},"fnMap":{},"branchMap":{},"s":{},"f":{},"b":{}}
,"/Users/priyeshsi/sandbox/org-chart/src/components/views/GraphView/EmployeeCard.js": {"path":"/Users/priyeshsi/sandbox/org-chart/src/components/views/GraphView/EmployeeCard.js","statementMap":{"0":{"start":{"line":33,"column":21},"end":{"line":320,"column":1}},"1":{"start":{"line":41,"column":19},"end":{"line":41,"column":32}},"2":{"start":{"line":42,"column":16},"end":{"line":42,"column":26}},"3":{"start":{"line":43,"column":21},"end":{"line":43,"column":50}},"4":{"start":{"line":46,"column":23},"end":{"line":48,"column":3}},"5":{"start":{"line":47,"column":4},"end":{"line":47,"column":50}},"6":{"start":{"line":51,"column":34},"end":{"line":51,"column":48}},"7":{"start":{"line":52,"column":21},"end":{"line":52,"column":38}},"8":{"start":{"line":55,"column":38},"end":{"line":58,"column":4}},"9":{"start":{"line":59,"column":50},"end":{"line":59,"column":65}},"10":{"start":{"line":60,"column":52},"end":{"line":60,"column":67}},"11":{"start":{"line":62,"column":31},"end":{"line":65,"column":3}},"12":{"start":{"line":63,"column":4},"end":{"line":63,"column":28}},"13":{"start":{"line":64,"column":4},"end":{"line":64,"column":42}},"14":{"start":{"line":67,"column":26},"end":{"line":70,"column":3}},"15":{"start":{"line":68,"column":4},"end":{"line":68,"column":28}},"16":{"start":{"line":69,"column":4},"end":{"line":69,"column":37}},"17":{"start":{"line":72,"column":26},"end":{"line":74,"column":3}},"18":{"start":{"line":73,"column":4},"end":{"line":73,"column":22}},"19":{"start":{"line":76,"column":28},"end":{"line":82,"column":3}},"20":{"start":{"line":77,"column":4},"end":{"line":80,"column":7}},"21":{"start":{"line":81,"column":4},"end":{"line":81,"column":22}},"22":{"start":{"line":84,"column":21},"end":{"line":90,"column":3}},"23":{"start":{"line":85,"column":4},"end":{"line":88,"column":7}},"24":{"start":{"line":89,"column":4},"end":{"line":89,"column":22}},"25":{"start":{"line":92,"column":28},"end":{"line":95,"column":3}},"26":{"start":{"line":93,"column":4},"end":{"line":93,"column":30}},"27":{"start":{"line":94,"column":4},"end":{"line":94,"column":22}},"28":{"start":{"line":97,"column":30},"end":{"line":100,"column":3}},"29":{"start":{"line":98,"column":4},"end":{"line":98,"column":31}},"30":{"start":{"line":99,"column":4},"end":{"line":99,"column":22}},"31":{"start":{"line":102,"column":30},"end":{"line":109,"column":3}},"32":{"start":{"line":103,"column":4},"end":{"line":108,"column":5}},"33":{"start":{"line":104,"column":6},"end":{"line":104,"column":50}},"34":{"start":{"line":105,"column":6},"end":{"line":105,"column":33}},"35":{"start":{"line":107,"column":6},"end":{"line":107,"column":57}},"36":{"start":{"line":112,"column":23},"end":{"line":149,"column":3}},"37":{"start":{"line":113,"column":22},"end":{"line":125,"column":5}},"38":{"start":{"line":127,"column":4},"end":{"line":136,"column":5}},"39":{"start":{"line":128,"column":6},"end":{"line":135,"column":8}},"40":{"start":{"line":138,"column":4},"end":{"line":146,"column":5}},"41":{"start":{"line":139,"column":6},"end":{"line":145,"column":8}},"42":{"start":{"line":148,"column":4},"end":{"line":148,"column":21}},"43":{"start":{"line":152,"column":27},"end":{"line":152,"column":73}},"44":{"start":{"line":153,"column":29},"end":{"line":153,"column":91}},"45":{"start":{"line":155,"column":2},"end":{"line":319,"column":4}},"46":{"start":{"line":247,"column":24},"end":{"line":247,"column":43}},"47":{"start":{"line":298,"column":23},"end":{"line":298,"column":65}},"48":{"start":{"line":308,"column":23},"end":{"line":308,"column":49}},"49":{"start":{"line":315,"column":23},"end":{"line":315,"column":50}}},"fnMap":{"0":{"name":"(anonymous_0)","decl":{"start":{"line":33,"column":21},"end":{"line":33,"column":22}},"loc":{"start":{"line":40,"column":6},"end":{"line":320,"column":1}},"line":40},"1":{"name":"(anonymous_1)","decl":{"start":{"line":46,"column":35},"end":{"line":46,"column":36}},"loc":{"start":{"line":47,"column":4},"end":{"line":47,"column":50}},"line":47},"2":{"name":"(anonymous_2)","decl":{"start":{"line":62,"column":31},"end":{"line":62,"column":32}},"loc":{"start":{"line":62,"column":42},"end":{"line":65,"column":3}},"line":62},"3":{"name":"(anonymous_3)","decl":{"start":{"line":67,"column":26},"end":{"line":67,"column":27}},"loc":{"start":{"line":67,"column":37},"end":{"line":70,"column":3}},"line":67},"4":{"name":"(anonymous_4)","decl":{"start":{"line":72,"column":26},"end":{"line":72,"column":27}},"loc":{"start":{"line":72,"column":32},"end":{"line":74,"column":3}},"line":72},"5":{"name":"(anonymous_5)","decl":{"start":{"line":76,"column":28},"end":{"line":76,"column":29}},"loc":{"start":{"line":76,"column":34},"end":{"line":82,"column":3}},"line":76},"6":{"name":"(anonymous_6)","decl":{"start":{"line":84,"column":21},"end":{"line":84,"column":22}},"loc":{"start":{"line":84,"column":27},"end":{"line":90,"column":3}},"line":84},"7":{"name":"(anonymous_7)","decl":{"start":{"line":92,"column":28},"end":{"line":92,"column":29}},"loc":{"start":{"line":92,"column":34},"end":{"line":95,"column":3}},"line":92},"8":{"name":"(anonymous_8)","decl":{"start":{"line":97,"column":30},"end":{"line":97,"column":31}},"loc":{"start":{"line":97,"column":36},"end":{"line":100,"column":3}},"line":97},"9":{"name":"(anonymous_9)","decl":{"start":{"line":102,"column":30},"end":{"line":102,"column":31}},"loc":{"start":{"line":102,"column":42},"end":{"line":109,"column":3}},"line":102},"10":{"name":"(anonymous_10)","decl":{"start":{"line":112,"column":23},"end":{"line":112,"column":24}},"loc":{"start":{"line":112,"column":29},"end":{"line":149,"column":3}},"line":112},"11":{"name":"(anonymous_11)","decl":{"start":{"line":247,"column":17},"end":{"line":247,"column":18}},"loc":{"start":{"line":247,"column":24},"end":{"line":247,"column":43}},"line":247},"12":{"name":"(anonymous_12)","decl":{"start":{"line":298,"column":17},"end":{"line":298,"column":18}},"loc":{"start":{"line":298,"column":23},"end":{"line":298,"column":65}},"line":298},"13":{"name":"(anonymous_13)","decl":{"start":{"line":308,"column":17},"end":{"line":308,"column":18}},"loc":{"start":{"line":308,"column":23},"end":{"line":308,"column":49}},"line":308},"14":{"name":"(anonymous_14)","decl":{"start":{"line":315,"column":17},"end":{"line":315,"column":18}},"loc":{"start":{"line":315,"column":23},"end":{"line":315,"column":50}},"line":315}},"branchMap":{"0":{"loc":{"start":{"line":114,"column":23},"end":{"line":114,"column":88}},"type":"cond-expr","locations":[{"start":{"line":114,"column":36},"end":{"line":114,"column":59}},{"start":{"line":114,"column":62},"end":{"line":114,"column":88}}],"line":114},"1":{"loc":{"start":{"line":118,"column":17},"end":{"line":120,"column":39}},"type":"cond-expr","locations":[{"start":{"line":119,"column":10},"end":{"line":119,"column":39}},{"start":{"line":120,"column":10},"end":{"line":120,"column":39}}],"line":118},"2":{"loc":{"start":{"line":123,"column":14},"end":{"line":123,"column":46}},"type":"cond-expr","locations":[{"start":{"line":123,"column":25},"end":{"line":123,"column":34}},{"start":{"line":123,"column":37},"end":{"line":123,"column":46}}],"line":123},"3":{"loc":{"start":{"line":127,"column":4},"end":{"line":136,"column":5}},"type":"if","locations":[{"start":{"line":127,"column":4},"end":{"line":136,"column":5}},{"start":{},"end":{}}],"line":127},"4":{"loc":{"start":{"line":130,"column":25},"end":{"line":132,"column":37}},"type":"cond-expr","locations":[{"start":{"line":131,"column":12},"end":{"line":131,"column":38}},{"start":{"line":132,"column":12},"end":{"line":132,"column":37}}],"line":130},"5":{"loc":{"start":{"line":133,"column":29},"end":{"line":133,"column":63}},"type":"cond-expr","locations":[{"start":{"line":133,"column":42},"end":{"line":133,"column":51}},{"start":{"line":133,"column":54},"end":{"line":133,"column":63}}],"line":133},"6":{"loc":{"start":{"line":138,"column":4},"end":{"line":146,"column":5}},"type":"if","locations":[{"start":{"line":138,"column":4},"end":{"line":146,"column":5}},{"start":{},"end":{}}],"line":138},"7":{"loc":{"start":{"line":141,"column":25},"end":{"line":143,"column":38}},"type":"cond-expr","locations":[{"start":{"line":142,"column":12},"end":{"line":142,"column":38}},{"start":{"line":143,"column":12},"end":{"line":143,"column":38}}],"line":141},"8":{"loc":{"start":{"line":144,"column":29},"end":{"line":144,"column":96}},"type":"cond-expr","locations":[{"start":{"line":144,"column":42},"end":{"line":144,"column":68}},{"start":{"lin
[...]
}},"line":325},"28":{"name":"(anonymous_28)","decl":{"start":{"line":329,"column":46},"end":{"line":329,"column":47}},"loc":{"start":{"line":329,"column":65},"end":{"line":338,"column":7}},"line":329},"29":{"name":"(anonymous_29)","decl":{"start":{"line":339,"column":45},"end":{"line":339,"column":46}},"loc":{"start":{"line":339,"column":64},"end":{"line":343,"column":7}},"line":339},"30":{"name":"(anonymous_30)","decl":{"start":{"line":349,"column":2},"end":{"line":349,"column":3}},"loc":{"start":{"line":349,"column":11},"end":{"line":349,"column":26}},"line":349},"31":{"name":"(anonymous_31)","decl":{"start":{"line":350,"column":2},"end":{"line":350,"column":3}},"loc":{"start":{"line":350,"column":15},"end":{"line":350,"column":61}},"line":350},"32":{"name":"(anonymous_32)","decl":{"start":{"line":350,"column":36},"end":{"line":350,"column":37}},"loc":{"start":{"line":350,"column":42},"end":{"line":350,"column":60}},"line":350},"33":{"name":"(anonymous_33)","decl":{"start":{"line":354,"column":3},"end":{"line":354,"column":4}},"loc":{"start":{"line":354,"column":12},"end":{"line":354,"column":32}},"line":354},"34":{"name":"(anonymous_34)","decl":{"start":{"line":354,"column":34},"end":{"line":354,"column":35}},"loc":{"start":{"line":354,"column":45},"end":{"line":354,"column":47}},"line":354},"35":{"name":"(anonymous_35)","decl":{"start":{"line":355,"column":2},"end":{"line":355,"column":3}},"loc":{"start":{"line":355,"column":25},"end":{"line":355,"column":42}},"line":355},"36":{"name":"(anonymous_36)","decl":{"start":{"line":359,"column":3},"end":{"line":359,"column":4}},"loc":{"start":{"line":359,"column":12},"end":{"line":359,"column":32}},"line":359},"37":{"name":"(anonymous_37)","decl":{"start":{"line":359,"column":34},"end":{"line":359,"column":35}},"loc":{"start":{"line":359,"column":53},"end":{"line":359,"column":63}},"line":359},"38":{"name":"(anonymous_38)","decl":{"start":{"line":360,"column":2},"end":{"line":360,"column":3}},"loc":{"start":{"line":360,"column":33},"end":{"line":364,"column":3}},"line":360},"39":{"name":"(anonymous_39)","decl":{"start":{"line":363,"column":38},"end":{"line":363,"column":39}},"loc":{"start":{"line":363,"column":44},"end":{"line":363,"column":61}},"line":363},"40":{"name":"(anonymous_40)","decl":{"start":{"line":368,"column":2},"end":{"line":368,"column":3}},"loc":{"start":{"line":368,"column":11},"end":{"line":368,"column":26}},"line":368},"41":{"name":"(anonymous_41)","decl":{"start":{"line":369,"column":2},"end":{"line":369,"column":3}},"loc":{"start":{"line":369,"column":16},"end":{"line":372,"column":3}},"line":369},"42":{"name":"(anonymous_42)","decl":{"start":{"line":376,"column":3},"end":{"line":376,"column":4}},"loc":{"start":{"line":376,"column":12},"end":{"line":376,"column":32}},"line":376},"43":{"name":"(anonymous_43)","decl":{"start":{"line":376,"column":34},"end":{"line":376,"column":35}},"loc":{"start":{"line":376,"column":53},"end":{"line":376,"column":63}},"line":376},"44":{"name":"(anonymous_44)","decl":{"start":{"line":377,"column":2},"end":{"line":377,"column":3}},"loc":{"start":{"line":377,"column":33},"end":{"line":393,"column":3}},"line":377},"45":{"name":"(anonymous_45)","decl":{"start":{"line":380,"column":27},"end":{"line":380,"column":28}},"loc":{"start":{"line":380,"column":35},"end":{"line":390,"column":5}},"line":380},"46":{"name":"(anonymous_46)","decl":{"start":{"line":387,"column":15},"end":{"line":387,"column":16}},"loc":{"start":{"line":387,"column":27},"end":{"line":387,"column":51}},"line":387},"47":{"name":"(anonymous_47)","decl":{"start":{"line":397,"column":3},"end":{"line":397,"column":4}},"loc":{"start":{"line":397,"column":12},"end":{"line":397,"column":32}},"line":397},"48":{"name":"(anonymous_48)","decl":{"start":{"line":398,"column":2},"end":{"line":398,"column":3}},"loc":{"start":{"line":398,"column":21},"end":{"line":416,"column":3}},"line":398},"49":{"name":"(anonymous_49)","decl":{"start":{"line":399,"column":27},"end":{"line":399,"column":28}},"loc":{"start":{"line":399,"column":42},"end":{"line":408,"column":5}},"line":399},"50":{"name":"(anonymous_50)","decl":{"start":{"line":401,"column":16},"end":{"line":401,"column":17}},"loc":{"start":{"line":401,"column":23},"end":{"line":401,"column":50}},"line":401},"51":{"name":"(anonymous_51)","decl":{"start":{"line":402,"column":13},"end":{"line":402,"column":14}},"loc":{"start":{"line":402,"column":21},"end":{"line":405,"column":9}},"line":402},"52":{"name":"(anonymous_52)","decl":{"start":{"line":410,"column":51},"end":{"line":410,"column":52}},"loc":{"start":{"line":410,"column":58},"end":{"line":410,"column":72}},"line":410},"53":{"name":"(anonymous_53)","decl":{"start":{"line":443,"column":33},"end":{"line":443,"column":34}},"loc":{"start":{"line":443,"column":42},"end":{"line":458,"column":1}},"line":443},"54":{"name":"(anonymous_54)","decl":{"start":{"line":443,"column":42},"end":{"line":443,"column":43}},"loc":{"start":{"line":443,"column":50},"end":{"line":458,"column":1}},"line":443},"55":{"name":"(anonymous_55)","decl":{"start":{"line":443,"column":50},"end":{"line":443,"column":51}},"loc":{"start":{"line":443,"column":60},"end":{"line":458,"column":1}},"line":443},"56":{"name":"(anonymous_56)","decl":{"start":{"line":461,"column":39},"end":{"line":461,"column":40}},"loc":{"start":{"line":461,"column":48},"end":{"line":461,"column":81}},"line":461},"57":{"name":"(anonymous_57)","decl":{"start":{"line":464,"column":3},"end":{"line":464,"column":4}},"loc":{"start":{"line":464,"column":12},"end":{"line":464,"column":35}},"line":464},"58":{"name":"(anonymous_58)","decl":{"start":{"line":464,"column":37},"end":{"line":464,"column":38}},"loc":{"start":{"line":464,"column":46},"end":{"line":464,"column":79}},"line":464},"59":{"name":"(anonymous_59)","decl":{"start":{"line":465,"column":2},"end":{"line":465,"column":3}},"loc":{"start":{"line":465,"column":34},"end":{"line":469,"column":3}},"line":465}},"branchMap":{"0":{"loc":{"start":{"line":26,"column":6},"end":{"line":28,"column":7}},"type":"if","locations":[{"start":{"line":26,"column":6},"end":{"line":28,"column":7}},{"start":{},"end":{}}],"line":26},"1":{"loc":{"start":{"line":71,"column":6},"end":{"line":73,"column":7}},"type":"if","locations":[{"start":{"line":71,"column":6},"end":{"line":73,"column":7}},{"start":{},"end":{}}],"line":71},"2":{"loc":{"start":{"line":89,"column":6},"end":{"line":91,"column":7}},"type":"if","locations":[{"start":{"line":89,"column":6},"end":{"line":91,"column":7}},{"start":{},"end":{}}],"line":89},"3":{"loc":{"start":{"line":111,"column":4},"end":{"line":113,"column":5}},"type":"if","locations":[{"start":{"line":111,"column":4},"end":{"line":113,"column":5}},{"start":{},"end":{}}],"line":111},"4":{"loc":{"start":{"line":116,"column":20},"end":{"line":116,"column":88}},"type":"cond-expr","locations":[{"start":{"line":116,"column":41},"end":{"line":116,"column":81}},{"start":{"line":116,"column":84},"end":{"line":116,"column":88}}],"line":116},"5":{"loc":{"start":{"line":117,"column":26},"end":{"line":117,"column":91}},"type":"binary-expr","locations":[{"start":{"line":117,"column":26},"end":{"line":117,"column":85}},{"start":{"line":117,"column":89},"end":{"line":117,"column":91}}],"line":117},"6":{"loc":{"start":{"line":170,"column":12},"end":{"line":170,"column":52}},"type":"binary-expr","locations":[{"start":{"line":170,"column":12},"end":{"line":170,"column":29}},{"start":{"line":170,"column":33},"end":{"line":170,"column":52}}],"line":170},"7":{"loc":{"start":{"line":174,"column":19},"end":{"line":174,"column":51}},"type":"binary-expr","locations":[{"start":{"line":174,"column":19},"end":{"line":174,"column":43}},{"start":{"line":174,"column":47},"end":{"line":174,"column":51}}],"line":174},"8":{"loc":{"start":{"line":178,"column":6},"end":{"line":180,"column":7}},"type":"if","locations":[{"start":{"line":178,"column":6},"end":{"line":180,"column":7}},{"start":{},"end":{}}],"line":178},"9":{"loc":{"start":{"line":182,"column":6},"end":{"line":190,"column":7}},"type":"if","locations":[{"start":{"line":182,"column":6},"end":{"line":190,"column":7}},{"start":{},"end":{}}],"line":182},"10":{"loc":{"start":{"line":182,"column":10},"end":{"line":182,"column":68}},"type":"binary-expr","locations":[{"start":{"line":182,"column":10},"end":{"line":182,"column":31}},{"start":{"line":182,"column":35},"end":{"line":182,"column":68}}],"line":182},"11":{"loc":{"start":{"line":184,"column":8},"end":{"line":186,"column":9}},"type":"if","locations":[{"start":{"line":184,"column":8},"end":{"line":186,"column":9}},{"start":{},"end":{}}],"line":184},"12":{"loc":{"start":{"line":187,"column":8},"end":{"line":189,"column":9}},"type":"if","locations":[{"start":{"line":187,"column":8},"end":{"line":189,"column":9}},{"start":{},"end":{}}],"line":187},"13":{"loc":{"start":{"line":196,"column":6},"end":{"line":203,"column":7}},"type":"if","locations":[{"start":{"line":196,"column":6},"end":{"line":203,"column":7}},{"start":{},"end":{}}],"line":196},"14":{"loc":{"start":{"line":210,"column":6},"end":{"line":233,"column":7}},"type":"if","locations":[{"start":{"line":210,"column":6},"end":{"line":233,"column":7}},{"start":{},"end":{}}],"line":210},"15":{"loc":{"start":{"line":211,"column":8},"end":{"line":214,"column":9}},"type":"if","locations":[{"start":{"line":211,"column":8},"end":{"line":214,"column":9}},{"start":{},"end":{}}],"line":211},"16":{"loc":{"start":{"line":211,"column":12},"end":{"line":211,"column":64}},"type":"binary-expr","locations":[{"start":{"line":211,"column":12},"end":{"line":211,"column":30}},{"start":{"line":211,"column":34},"end":{"line":211,"column":64}}],"line":211},"17":{"loc":{"start":{"line":216,"column":8},"end":{"line":228,"column":9}},"type":"if","locations":[{"start":{"line":216,"column":8},"end":{"line":228,"column":9}},{"start":{},"end":{}}],"line":216},"18":{"loc":{"start":{"line":218,"column":12},"end":{"line":226,"column":13}},"type":"if","locations":[{"start":{"line":218,"column":12},"end":{"line":226,"column":13}},{"start":{},"end":{}}],"line":218},"19":{"loc":{"start":{"line":221,"column":14},"end":{"line":225,"column":15}},"type":"if","locations":[{"start":{"line":221,"column":14},"end":{"line":225,"column":15}},{"start":{},"end":{}}],"line":221},"20":{"loc":{"start":{"line":221,"column":18},"end":{"line":221,"column":70}},"type":"binary-expr","locations":[{"start":{"line":221,"column":18},"end":{"line":221,"column":36}},{"start":{"line":221,"column":40},"end":{"line":221,"column":70}}],"line":221},"21":{"loc":{"start":{"line":222,"column":16},"end":{"line":224,"column":17}},"type":"if","locations":[{"start":{"line":222,"column":16},"end":{"line":224,"column":17}},{"start":{},"end":{}}],"line":222},"22":{"loc":{"start":{"line":249,"column":6},"end":{"line":251,"column":7}},"type":"if","locations":[{"start":{"line":249,"column":6},"end":{"line":251,"column":7}},{"start":{},"end":{}}],"line":249},"23":{"loc":{"start":{"line":273,"column":10},"end":{"line":275,"column":11}},"type":"if","locations":[{"start":{"line":273,"column":10},"end":{"line":275,"column":11}},{"start":{},"end":{}}],"line":273},"24":{"loc":{"start":{"line":280,"column":22},"end":{"line":280,"column":66}},"type":"binary-expr","locations":[{"start":{"line":280,"column":22},"end":{"line":280,"column":36}},{"start":{"line":280,"column":40},"end":{"line":280,"column":66}}],"line":280},"25":{"loc":{"start":{"line":305,"column":8},"end":{"line":305,"column":30}},"type":"if","locations":[{"start":{"line":305,"column":8},"end":{"line":305,"column":30}},{"start":{},"end":{}}],"line":305},"26":{"loc":{"start":{"line":307,"column":8},"end":{"line":310,"column":9}},"type":"if","locations":[{"start":{"line":307,"column":8},"end":{"line":310,"column":9}},{"start":{},"end":{}}],"line":307},"27":{"loc":{"start":{"line":307,"column":12},"end":{"line":307,"column":52}},"type":"binary-expr","locations":[{"start":{"line":307,"column":12},"end":{"line":307,"column":24}},{"start":{"line":307,"column":28},"end":{"line":307,"column":52}}],"line":307},"28":{"loc":{"start":{"line":312,"column":8},"end":{"line":319,"column":9}},"type":"if","locations":[{"start":{"line":312,"column":8},"end":{"line":319,"column":9}},{"start":{},"end":{}}],"line":312},"29":{"loc":{"start":{"line":312,"column":12},"end":{"line":312,"column":52}},"type":"binary-expr","locations":[{"start":{"line":312,"column":12},"end":{"line":312,"column":24}},{"start":{"line":312,"column":28},"end":{"line":312,"column":52}}],"line":312},"30":{"loc":{"start":{"line":313,"column":10},"end":{"line":315,"column":11}},"type":"if","locations":[{"start":{"line":313,"column":10},"end":{"line":315,"column":11}},{"start":{},"end":{}}],"line":313},"31":{"loc":{"start":{"line":316,"column":10},"end":{"line":318,"column":11}},"type":"if","locations":[{"start":{"line":316,"column":10},"end":{"line":318,"column":11}},{"start":{},"end":{}}],"line":316},"32":{"loc":{"start":{"line":321,"column":29},"end":{"line":321,"column":49}},"type":"binary-expr","locations":[{"start":{"line":321,"column":29},"end":{"line":321,"column":41}},{"start":{"line":321,"column":45},"end":{"line":321,"column":49}}],"line":321},"33":{"loc":{"start":{"line":362,"column":4},"end":{"line":362,"column":44}},"type":"if","locations":[{"start":{"line":362,"column":4},"end":{"line":362,"column":44}},{"start":{},"end":{}}],"line":362},"34":{"loc":{"start":{"line":378,"column":4},"end":{"line":378,"column":63}},"type":"if","locations":[{"start":{"line":378,"column":4},"end":{"line":378,"column":63}},{"start":{},"end":{}}],"line":378},"35":{"loc":{"start":{"line":378,"column":8},"end":{"line":378,"column":49}},"type":"binary-expr","locations":[{"start":{"line":378,"column":8},"end":{"line":378,"column":19}},{"start":{"line":378,"column":23},"end":{"line":378,"column":49}}],"line":378},"36":{"loc":{"start":{"line":382,"column":6},"end":{"line":382,"column":33}},"type":"if","locations":[{"start":{"line":382,"column":6},"end":{"line":382,"column":33}},{"start":{},"end":{}}],"line":382},"37":{"loc":{"start":{"line":412,"column":11},"end":{"line":415,"column":12}},"type":"cond-expr","locations":[{"start":{"line":412,"column":18},"end":{"line":415,"column":5}},{"start":{"line":415,"column":8},"end":{"line":415,"column":12}}],"line":412},"38":{"loc":{"start":{"line":446,"column":2},"end":{"line":455,"column":3}},"type":"if","locations":[{"start":{"line":446,"column":2},"end":{"line":455,"column":3}},{"start":{},"end":{}}],"line":446},"39":{"loc":{"start":{"line":446,"column":6},"end":{"line":448,"column":35}},"type":"binary-expr","locations":[{"start":{"line":446,"column":6},"end":{"line":446,"column":42}},{"start":{"line":447,"column":6},"end":{"line":447,"column":38}},{"start":{"line":448,"column":6},"end":{"line":448,"column":35}}],"line":446},"40":{"loc":{"start":{"line":452,"column":4},"end":{"line":454,"column":5}},"type":"if","locations":[{"start":{"line":452,"column":4},"end":{"line":454,"column":5}},{"start":{},"end":{}}],"line":452},"41":{"loc":{"start":{"line":466,"column":4},"end":{"line":466,"column":47}},"type":"if","locations":[{"start":{"line":466,"column":4},"end":{"line":466,"column":47}},{"start":{},"end":{}}],"line":466},"42":{"loc":{"start":{"line":467,"column":4},"end":{"line":467,"column":50}},"type":"if","locations":[{"start":{"line":467,"column":4},"end":{"line":467,"column":50}},{"start":{},"end":{}}],"line":467}},"s":{"0":1,"1":0,"2":0,"3":0,"4":0,"5":0,"6":0,"7":0,"8":1,"9":0,"10":0,"11":0,"12":0,"13":0,"14":0,"15":0,"16":0,"17":0,"18":1,"19":0,"20":0,"21":0,"22":0,"23":0,"24":0,"25":0,"26":1,"27":0,"28":0,"29":0,"30":0,"31":0,"32":0,"33":0,"34":0,"35":1,"36":1,"37":5,"38":5,"39":5,"40":5,"41":5,"42":0,"43":0,"44":0,"45":0,"46":0,"47":5,"48":1,"49":1,"50":1,"51":1,"52":1,"53":1,"54":1,"55":1,"56":0,"57":0,"58":1,"59":0,"60":0,"61":0,"62":0,"63":0,"64":0,"65":1,"66":1,"67":1,"68":1,"69":0,"70":0,"71":0,"72":0,"73":0,"74":0,"75":0,"76":0,"77":1,"78":0,"79":0,"80":0,"81":0,"82":0,"83":0,"84":0,"85":0,"86":0,"87":0,"88":0,"89":0,"90":0,"91":0,"92":0,"93":1,"94":1,"95":1,"96":0,"97":1,"98":0,"99":0,"100":1,"101":1,"102":0,"103":1,"104":1,"105":1,"106":1,"107":1,"108":0,"109":0,"110":0,"111":0,"112":0,"113":0,"114":0,"115":0,"116":1,"117":1,"118":1,"119":2,"120":1,"121":1,"122":1,"123":1,"124":1,"125":0,"126":0,"127":0,"128":0,"129":0,"130":0,"131":0,"132":1,"133":0,"134":0,"135":1,"136":0,"137":0,"138":0,"139":0,"140":0,"141":0,"142":0,"143":0,"144":0,"145":0,"146":0,"147":1,"148":0,"149":0,"150":0,"151":0,"152":0,"153":0,"154":0,"155":0,"156":0,"157":1,"158":1,"159":0,"160":0,"161":0,"162":0,"163":0,"164":0,"165":0,"166":0,"167":1,"168":0,"169":1,"170":0,"171":0,"172":0,"173":0,"174":0,"175":0,"176":0},"f":{"0":0,"1":0,"2":0,"3":0,"4":0,"5":5,"6":1,"7":1,"8":0,"9":0,"10":1,"11":0,"12":0,"13":0,"14":0,"15":0,"16":0,"17":1,"18":0,"19":0,"20":0,"21":0,"22":0,"23":0,"24":0,"25":1,"26":0,"27":0,"28":0,"29":0,"30":1,"31":1,"32":2,"33":1,"34":1,"35":1,"36":0,"37":0,"38":0,"39":0,"40":0,"41":0,"42":0,"43":0,"44":0,"45":0,"46":0,"47":0,"48":0,"49":0,"50":0,"51":0,"52":0,"53":0,"54":0,"55":0,"56":0,"57":0,"58":0,"59":0},"b":{"0":[0,0],"1":[0,0],"2":[0,0],"3":[0,0],"4":[0,0],"5":[0,0],"6":[5,1],"7":[5,5],"8":[5,0],"9":[0,5],"10":[5,0],"11":[0,0],"12":[0,0],"13":[1,0],"14":[1,0],"15":[0,1],"16":[1,0],"17":[0,1],"18":[0,0],"19":[0,0],"20":[0,0],"21":[0,0],"22":[0,0],"23":[0,0],"24":[0,0],"25":[0,1],"26":[0,1],"27":[1,0],"28":[1,0],"29":[1,1],"30":[0,1],"31":[1,0],"32":[1,0],"33":[0,0],"34":[0,0],"35":[0,0],"36":[0,0],"37":[0,0],"38":[0,0],"39":[0,0,0],"40":[0,0],"41":[0,0],"42":[0,0]},"_coverageSchema":"1a1c01bbd47fc00a2c39e90264f33305004495a9","hash":"c3df015686f3e39f461f46d2f6aa97871eca2694"}
,"/Users/priyeshsi/sandbox/org-chart/src/store/slices/themeSlice.js": {"path":"/Users/priyeshsi/sandbox/org-chart/src/store/slices/themeSlice.js","statementMap":{"0":{"start":{"line":4,"column":24},"end":{"line":7,"column":1}},"1":{"start":{"line":5,"column":21},"end":{"line":5,"column":50}},"2":{"start":{"line":6,"column":2},"end":{"line":6,"column":30}},"3":{"start":{"line":9,"column":19},"end":{"line":24,"column":2}},"4":{"start":{"line":16,"column":6},"end":{"line":16,"column":61}},"5":{"start":{"line":17,"column":6},"end":{"line":17,"column":48}},"6":{"start":{"line":20,"column":6},"end":{"line":20,"column":34}},"7":{"start":{"line":21,"column":6},"end":{"line":21,"column":52}},"8":{"start":{"line":26,"column":41},"end":{"line":26,"column":59}},"9":{"start":{"line":27,"column":31},"end":{"line":27,"column":58}},"10":{"start":{"line":27,"column":42},"end":{"line":27,"column":58}}},"fnMap":{"0":{"name":"(anonymous_0)","decl":{"start":{"line":4,"column":24},"end":{"line":4,"column":25}},"loc":{"start":{"line":4,"column":30},"end":{"line":7,"column":1}},"line":4},"1":{"name":"(anonymous_1)","decl":{"start":{"line":15,"column":17},"end":{"line":15,"column":18}},"loc":{"start":{"line":15,"column":28},"end":{"line":18,"column":5}},"line":15},"2":{"name":"(anonymous_2)","decl":{"start":{"line":19,"column":14},"end":{"line":19,"column":15}},"loc":{"start":{"line":19,"column":33},"end":{"line":22,"column":5}},"line":19},"3":{"name":"(anonymous_3)","decl":{"start":{"line":27,"column":31},"end":{"line":27,"column":32}},"loc":{"start":{"line":27,"column":42},"end":{"line":27,"column":58}},"line":27}},"branchMap":{"0":{"loc":{"start":{"line":6,"column":9},"end":{"line":6,"column":29}},"type":"binary-expr","locations":[{"start":{"line":6,"column":9},"end":{"line":6,"column":19}},{"start":{"line":6,"column":23},"end":{"line":6,"column":29}}],"line":6},"1":{"loc":{"start":{"line":16,"column":19},"end":{"line":16,"column":60}},"type":"cond-expr","locations":[{"start":{"line":16,"column":44},"end":{"line":16,"column":50}},{"start":{"line":16,"column":53},"end":{"line":16,"column":60}}],"line":16}},"s":{"0":0,"1":0,"2":0,"3":0,"4":0,"5":0,"6":0,"7":0,"8":0,"9":0,"10":0},"f":{"0":0,"1":0,"2":0,"3":0},"b":{"0":[0,0],"1":[0,0]}}
}
